#
# There is insufficient memory for the Java Runtime Environment to continue.
# Native memory allocation (mmap) failed to map 268435456 bytes for Failed to commit area from 0x0000000700000000 to 0x0000000710000000 of length 268435456.
# Possible reasons:
#   The system is out of physical RAM or swap space
#   The process is running with CompressedOops enabled, and the Java Heap may be blocking the growth of the native heap
# Possible solutions:
#   Reduce memory load on the system
#   Increase physical memory or swap space
#   Check if swap backing store is full
#   Decrease Java heap size (-Xmx/-Xms)
#   Decrease number of Java threads
#   Decrease Java thread stack sizes (-Xss)
#   Set larger code cache with -XX:ReservedCodeCacheSize=
# This output file may be truncated or incomplete.
#
#  Out of Memory Error (./src/hotspot/os/windows/os_windows.cpp:3521), pid=154272, tid=108488
#
# JRE version:  (11.0.12+7) (build )
# Java VM: OpenJDK 64-Bit Server VM (11.0.12+7-b1504.28-7817840, mixed mode, sharing, tiered, compressed oops, g1 gc, windows-amd64)
# No core dump will be written. Minidumps are not enabled by default on client versions of Windows
#

---------------  S U M M A R Y ------------

Command Line: -Dorg.gradle.appname=gradlew org.gradle.wrapper.GradleWrapperMain -q -Ptarget-platform=android-arm64 -Ptarget=C:\Users\khushboo\Desktop\Flutter Training\Git\ghmcofficerslogin\lib\main.dart -Pbase-application-name=android.app.Application -Pdart-defines=RkxVVFRFUl9XRUJfQVVUT19ERVRFQ1Q9dHJ1ZQ== -Pdart-obfuscation=false -Ptrack-widget-creation=true -Ptree-shake-icons=false -Pfilesystem-scheme=org-dartlang-root assembleDebug

Host: Intel(R) Xeon(R) Gold 5218R CPU @ 2.10GHz, 4 cores, 15G,  Windows 10 , 64 bit Build 19041 (10.0.19041.1706)
Time: Fri Dec 30 16:50:07 2022 India Standard Time elapsed time: 0.190406 seconds (0d 0h 0m 0s)

---------------  T H R E A D  ---------------

Current thread (0x000001b6c302a800):  JavaThread "Unknown thread" [_thread_in_vm, id=108488, stack(0x00000070f0d00000,0x00000070f0e00000)]

Stack: [0x00000070f0d00000,0x00000070f0e00000]
Native frames: (J=compiled Java code, j=interpreted, Vv=VM code, C=native code)
V  [jvm.dll+0x5fbcea]
V  [jvm.dll+0x731905]
V  [jvm.dll+0x732f1d]
V  [jvm.dll+0x7335d3]
V  [jvm.dll+0x247bf8]
V  [jvm.dll+0x5f90b4]
V  [jvm.dll+0x5edc85]
V  [jvm.dll+0x305aeb]
V  [jvm.dll+0x305a5a]
V  [jvm.dll+0x305932]
V  [jvm.dll+0x30a896]
V  [jvm.dll+0x353803]
V  [jvm.dll+0x353f06]
V  [jvm.dll+0x353903]
V  [jvm.dll+0x2e0678]
V  [jvm.dll+0x2e1827]
V  [jvm.dll+0x710037]
V  [jvm.dll+0x71182c]
V  [jvm.dll+0x360da9]
V  [jvm.dll+0x6f390e]
V  [jvm.dll+0x3c9723]
V  [jvm.dll+0x3cb9b1]
C  [jli.dll+0x536b]
C  [ucrtbase.dll+0x21bb2]
C  [KERNEL32.DLL+0x17034]
C  [ntdll.dll+0x52651]


---------------  P R O C E S S  ---------------

Threads class SMR info:
_java_thread_list=0x000001b6c151be90, length=0, elements={
}

Java Threads: ( => current thread )

Other Threads:
  0x000001b6c303d800 GCTaskThread "GC Thread#0" [stack: 0x00000070f0e00000,0x00000070f0f00000] [id=116896]
  0x000001b6df968800 ConcurrentGCThread "G1 Main Marker" [stack: 0x00000070f0f00000,0x00000070f1000000] [id=66388]
  0x000001b6c3094800 ConcurrentGCThread "G1 Conc#0" [stack: 0x00000070f1000000,0x00000070f1100000] [id=65120]

[error occurred during error reporting (printing all threads), id 0xc0000005, EXCEPTION_ACCESS_VIOLATION (0xc0000005) at pc=0x00007ffe50a80be7]

VM state:not at safepoint (not fully initialized)

VM Mutex/Monitor currently owned by a thread:  ([mutex/lock_event])
[0x000001b6c3024cc0] Heap_lock - owner thread: 0x000001b6c302a800

Heap address: 0x0000000700000000, size: 4096 MB, Compressed Oops mode: Non-zero based: 0x0000000700000000
Narrow klass base: 0x0000000000000000, Narrow klass shift: 0

GC Heap History (0 events):
No events

Deoptimization events (0 events):
No events

Classes redefined (0 events):
No events

Internal exceptions (0 events):
No events

Events (1 events):
Event: 0.104 Loaded shared library C:\android-studio-2021.2.1.15-windows\android-studio\jre\bin\zip.dll


Dynamic libraries:
0x00007ff7e54a0000 - 0x00007ff7e54aa000 	C:\android-studio-2021.2.1.15-windows\android-studio\jre\bin\java.exe
0x00007ffe867d0000 - 0x00007ffe869c5000 	C:\Windows\SYSTEM32\ntdll.dll
0x00007ffe85030000 - 0x00007ffe850ed000 	C:\Windows\System32\KERNEL32.DLL
0x00007ffe83ff0000 - 0x00007ffe842bd000 	C:\Windows\System32\KERNELBASE.dll
0x00000000533a0000 - 0x0000000053433000 	C:\Windows\System32\SYSFER.DLL
0x00007ffe845a0000 - 0x00007ffe846a0000 	C:\Windows\System32\ucrtbase.dll
0x00007ffe60270000 - 0x00007ffe60289000 	C:\android-studio-2021.2.1.15-windows\android-studio\jre\bin\jli.dll
0x00007ffe85620000 - 0x00007ffe857c0000 	C:\Windows\System32\USER32.dll
0x00007ffe83fc0000 - 0x00007ffe83fe2000 	C:\Windows\System32\win32u.dll
0x00007ffe85540000 - 0x00007ffe8556a000 	C:\Windows\System32\GDI32.dll
0x00007ffe846a0000 - 0x00007ffe847ab000 	C:\Windows\System32\gdi32full.dll
0x00007ffe84500000 - 0x00007ffe8459d000 	C:\Windows\System32\msvcp_win.dll
0x00007ffe60290000 - 0x00007ffe602a7000 	C:\android-studio-2021.2.1.15-windows\android-studio\jre\bin\VCRUNTIME140.dll
0x00007ffe70590000 - 0x00007ffe7082a000 	C:\Windows\WinSxS\amd64_microsoft.windows.common-controls_6595b64144ccf1df_6.0.19041.1110_none_60b5254171f9507e\COMCTL32.dll
0x00007ffe86460000 - 0x00007ffe864fe000 	C:\Windows\System32\msvcrt.dll
0x00007ffe85500000 - 0x00007ffe85530000 	C:\Windows\System32\IMM32.DLL
0x000001b6c16d0000 - 0x000001b6c16e4000 	C:\Windows\System32\umppc16012.dll
0x00007ffe83cf0000 - 0x00007ffe83d25000 	C:\Windows\system32\vmwsci.dll
0x00007ffe86560000 - 0x00007ffe86568000 	C:\Windows\System32\PSAPI.DLL
0x00007ffe7df60000 - 0x00007ffe7dffe000 	C:\Windows\system32\ftapihook64.dll
0x00007ffe850f0000 - 0x00007ffe8519e000 	C:\Windows\System32\ADVAPI32.dll
0x00007ffe85460000 - 0x00007ffe854fc000 	C:\Windows\System32\sechost.dll
0x00007ffe84ef0000 - 0x00007ffe85015000 	C:\Windows\System32\RPCRT4.dll
0x00007ffe80410000 - 0x00007ffe804ae000 	C:\Windows\system32\uxtheme.dll
0x00007ffe857c0000 - 0x00007ffe85b14000 	C:\Windows\System32\combase.dll
0x00007ffe7ffa0000 - 0x00007ffe8002b000 	C:\Windows\system32\ftgenstub.dll
0x00007ffe84820000 - 0x00007ffe84c91000 	C:\Windows\System32\setupapi.dll
0x00007ffe844b0000 - 0x00007ffe844fe000 	C:\Windows\System32\cfgmgr32.dll
0x00007ffe83f90000 - 0x00007ffe83fb7000 	C:\Windows\System32\bcrypt.dll
0x00007ffe7da30000 - 0x00007ffe7daac000 	C:\Windows\system32\ftsti.dll
0x00007ffe86500000 - 0x00007ffe86555000 	C:\Windows\System32\SHLWAPI.dll
0x00007ffe5a850000 - 0x00007ffe5a8ed000 	C:\android-studio-2021.2.1.15-windows\android-studio\jre\bin\msvcp140.dll
0x00007ffe50790000 - 0x00007ffe51275000 	C:\android-studio-2021.2.1.15-windows\android-studio\jre\bin\server\jvm.dll
0x00007ffe71ca0000 - 0x00007ffe71ca9000 	C:\Windows\SYSTEM32\WSOCK32.dll
0x00007ffe86720000 - 0x00007ffe8678b000 	C:\Windows\System32\WS2_32.dll
0x00007ffe75bb0000 - 0x00007ffe75bd7000 	C:\Windows\SYSTEM32\WINMM.dll
0x00007ffe82be0000 - 0x00007ffe82bea000 	C:\Windows\SYSTEM32\VERSION.dll
0x00007ffe82ba0000 - 0x00007ffe82bb2000 	C:\Windows\SYSTEM32\kernel.appcore.dll
0x00007ffe7ab80000 - 0x00007ffe7ab91000 	C:\android-studio-2021.2.1.15-windows\android-studio\jre\bin\verify.dll
0x00007ffe81fe0000 - 0x00007ffe821c4000 	C:\Windows\SYSTEM32\DBGHELP.DLL
0x00007ffe754e0000 - 0x00007ffe7550c000 	C:\Windows\SYSTEM32\dbgcore.DLL
0x00007ffe842c0000 - 0x00007ffe84342000 	C:\Windows\System32\bcryptPrimitives.dll
0x00007ffe7a6a0000 - 0x00007ffe7a6c9000 	C:\android-studio-2021.2.1.15-windows\android-studio\jre\bin\java.dll
0x00007ffe7dd00000 - 0x00007ffe7dd0b000 	C:\android-studio-2021.2.1.15-windows\android-studio\jre\bin\jimage.dll
0x00007ffe7ab30000 - 0x00007ffe7ab48000 	C:\android-studio-2021.2.1.15-windows\android-studio\jre\bin\zip.dll

dbghelp: loaded successfully - version: 4.0.5 - missing functions: none
symbol engine: initialized successfully - sym options: 0x614 - pdb path: .;C:\android-studio-2021.2.1.15-windows\android-studio\jre\bin;C:\Windows\SYSTEM32;C:\Windows\WinSxS\amd64_microsoft.windows.common-controls_6595b64144ccf1df_6.0.19041.1110_none_60b5254171f9507e;C:\android-studio-2021.2.1.15-windows\android-studio\jre\bin\server

VM Arguments:
jvm_args: -Dorg.gradle.appname=gradlew 
java_command: org.gradle.wrapper.GradleWrapperMain -q -Ptarget-platform=android-arm64 -Ptarget=C:\Users\khushboo\Desktop\Flutter Training\Git\ghmcofficerslogin\lib\main.dart -Pbase-application-name=android.app.Application -Pdart-defines=RkxVVFRFUl9XRUJfQVVUT19ERVRFQ1Q9dHJ1ZQ== -Pdart-obfuscation=false -Ptrack-widget-creation=true -Ptree-shake-icons=false -Pfilesystem-scheme=org-dartlang-root assembleDebug
java_class_path (initial): C:\Users\khushboo\Desktop\Flutter Training\Git\ghmcofficerslogin\android\\gradle\wrapper\gradle-wrapper.jar
Launcher Type: SUN_STANDARD

[Global flags]
     intx CICompilerCount                          = 3                                         {product} {ergonomic}
     uint ConcGCThreads                            = 1                                         {product} {ergonomic}
     uint G1ConcRefinementThreads                  = 4                                         {product} {ergonomic}
   size_t G1HeapRegionSize                         = 1048576                                   {product} {ergonomic}
    uintx GCDrainStackTargetSize                   = 64                                        {product} {ergonomic}
   size_t InitialHeapSize                          = 268435456                                 {product} {ergonomic}
   size_t MarkStackSize                            = 4194304                                   {product} {ergonomic}
   size_t MaxHeapSize                              = 4294967296                                {product} {ergonomic}
   size_t MinHeapDeltaBytes                        = 1048576                                   {product} {ergonomic}
    uintx NonNMethodCodeHeapSize                   = 5830732                                {pd product} {ergonomic}
    uintx NonProfiledCodeHeapSize                  = 122913754                              {pd product} {ergonomic}
    uintx ProfiledCodeHeapSize                     = 122913754                              {pd product} {ergonomic}
    uintx ReservedCodeCacheSize                    = 251658240                              {pd product} {ergonomic}
     bool SegmentedCodeCache                       = true                                      {product} {ergonomic}
     bool UseCompressedClassPointers               = true                                 {lp64_product} {ergonomic}
     bool UseCompressedOops                        = true                                 {lp64_product} {ergonomic}
     bool UseG1GC                                  = true                                      {product} {ergonomic}
     bool UseLargePagesIndividualAllocation        = false                                  {pd product} {ergonomic}

Logging:
Log output configuration:
 #0: stdout all=warning uptime,level,tags
 #1: stderr all=off uptime,level,tags

Environment Variables:
JAVA_HOME=C:\android-studio-2021.2.1.15-windows\android-studio\jre
CLASSPATH=C:\Users\khushboo\Desktop\Flutter Training\Git\ghmcofficerslogin\android\\gradle\wrapper\gradle-wrapper.jar
PATH=C:\Program Files (x86)\Common Files\Oracle\Java\javapath;C:\Windows\system32;C:\Windows;C:\Windows\System32\Wbem;C:\Windows\System32\WindowsPowerShell\v1.0\;C:\Windows\System32\OpenSSH\;C:\Program Files\Git\cmd;C:\Program Files\nodejs\;C:\Users\khushboo\AppData\Local\Microsoft\WindowsApps;C:\Users\khushboo\AppData\Local\Programs\Git\cmd;C:\Users\khushboo\AppData\Local\Programs\Microsoft VS Code\bin;C:\Users\khushboo\AppData\Local\GitHubDesktop\bin;C:\src\flutter\bin;C:\Users\khushboo\AppData\Roaming\npm;C:\src\flutter\bin\mingit\cmd
USERNAME=khushboo
LANG=en_US.UTF-8
OS=Windows_NT
PROCESSOR_IDENTIFIER=Intel64 Family 6 Model 85 Stepping 7, GenuineIntel



---------------  S Y S T E M  ---------------

OS: Windows 10 , 64 bit Build 19041 (10.0.19041.1706)
OS uptime: 55 days 17:47 hours
VMWare virtualization detected

CPU:total 4 (initial active 4) (2 cores per cpu, 1 threads per core) family 6 model 85 stepping 7 microcode 0x5003102, cmov, cx8, fxsr, mmx, sse, sse2, sse3, ssse3, sse4.1, sse4.2, popcnt, avx, avx2, aes, clmul, erms, 3dnowpref, lzcnt, tsc, tscinvbit, bmi1, bmi2, adx, evex, fma

Memory: 4k page, system-wide physical 16383M (1948M free)
TotalPageFile size 29102M (AvailPageFile size 158M)
current process WorkingSet (physical memory assigned to process): 13M, peak: 13M
current process commit charge ("private bytes"): 54M, peak: 310M

vm_info: OpenJDK 64-Bit Server VM (11.0.12+7-b1504.28-7817840) for windows-amd64 JRE (11.0.12+7-b1504.28-7817840), built on Oct 13 2021 22:12:33 by "builder" with MS VC++ 14.0 (VS2015)

END.
