#
# There is insufficient memory for the Java Runtime Environment to continue.
# Native memory allocation (malloc) failed to allocate 32784 bytes for Chunk::new
# Possible reasons:
#   The system is out of physical RAM or swap space
#   The process is running with CompressedOops enabled, and the Java Heap may be blocking the growth of the native heap
# Possible solutions:
#   Reduce memory load on the system
#   Increase physical memory or swap space
#   Check if swap backing store is full
#   Decrease Java heap size (-Xmx/-Xms)
#   Decrease number of Java threads
#   Decrease Java thread stack sizes (-Xss)
#   Set larger code cache with -XX:ReservedCodeCacheSize=
#   JVM is running with Unscaled Compressed Oops mode in which the Java heap is
#     placed in the first 4GB address space. The Java Heap base address is the
#     maximum limit for the native heap growth. Please use -XX:HeapBaseMinAddress
#     to set the Java Heap base and to place the Java Heap above 4GB virtual address.
# This output file may be truncated or incomplete.
#
#  Out of Memory Error (./src/hotspot/share/memory/arena.cpp:197), pid=143656, tid=144820
#
# JRE version: OpenJDK Runtime Environment (11.0.12+7) (build 11.0.12+7-b1504.28-7817840)
# Java VM: OpenJDK 64-Bit Server VM (11.0.12+7-b1504.28-7817840, mixed mode, tiered, compressed oops, g1 gc, windows-amd64)
# No core dump will be written. Minidumps are not enabled by default on client versions of Windows
#

---------------  S U M M A R Y ------------

Command Line: --add-opens=java.base/java.util=ALL-UNNAMED --add-opens=java.base/java.lang=ALL-UNNAMED --add-opens=java.base/java.lang.invoke=ALL-UNNAMED --add-opens=java.base/java.util=ALL-UNNAMED --add-opens=java.prefs/java.util.prefs=ALL-UNNAMED --add-opens=java.prefs/java.util.prefs=ALL-UNNAMED --add-opens=java.base/java.nio.charset=ALL-UNNAMED --add-opens=java.base/java.net=ALL-UNNAMED --add-opens=java.base/java.util.concurrent.atomic=ALL-UNNAMED -Xmx1536M -Dfile.encoding=windows-1252 -Duser.country=IN -Duser.language=en -Duser.variant org.gradle.launcher.daemon.bootstrap.GradleDaemon 7.4

Host: Intel(R) Xeon(R) Gold 5218R CPU @ 2.10GHz, 4 cores, 15G,  Windows 10 , 64 bit Build 19041 (10.0.19041.1706)
Time: Wed Dec 28 13:08:28 2022 India Standard Time elapsed time: 143.702695 seconds (0d 0h 2m 23s)

---------------  T H R E A D  ---------------

Current thread (0x000001e4aba73000):  JavaThread "C2 CompilerThread0" daemon [_thread_in_native, id=144820, stack(0x000000b5a3e00000,0x000000b5a3f00000)]


Current CompileTask:
C2: 143703 9231   !   4       java.util.concurrent.locks.AbstractQueuedSynchronizer::acquireQueued (74 bytes)

Stack: [0x000000b5a3e00000,0x000000b5a3f00000]
Native frames: (J=compiled Java code, j=interpreted, Vv=VM code, C=native code)
V  [jvm.dll+0x5fbcea]
V  [jvm.dll+0x731905]
V  [jvm.dll+0x732f1d]
V  [jvm.dll+0x7335d3]
V  [jvm.dll+0x247bf8]
V  [jvm.dll+0xc018c]
V  [jvm.dll+0xc06cc]
V  [jvm.dll+0xc02cc]
V  [jvm.dll+0x6282e0]
V  [jvm.dll+0x511642]
V  [jvm.dll+0x201c5a]
V  [jvm.dll+0x1ff71f]
V  [jvm.dll+0x18868c]
V  [jvm.dll+0x20e0d7]
V  [jvm.dll+0x20c901]
V  [jvm.dll+0x6f9b7f]
V  [jvm.dll+0x6f26a5]
V  [jvm.dll+0x5fabf6]
C  [ucrtbase.dll+0x21bb2]
C  [KERNEL32.DLL+0x17034]
C  [ntdll.dll+0x52651]


---------------  P R O C E S S  ---------------

Threads class SMR info:
_java_thread_list=0x000001e4b3a53b80, length=87, elements={
0x000001e49210c000, 0x000001e4ab178000, 0x000001e4ab179000, 0x000001e4ab176000,
0x000001e4aba6d800, 0x000001e4aba72000, 0x000001e4aba73000, 0x000001e4aba74000,
0x000001e4abadf800, 0x000001e4abb5b800, 0x000001e4adcfc800, 0x000001e4ae6af800,
0x000001e4ae3f7800, 0x000001e4acbd8000, 0x000001e4ad2b6000, 0x000001e4ae516800,
0x000001e4abca6800, 0x000001e4ae165800, 0x000001e4ad4d5000, 0x000001e4abb9b800,
0x000001e4abb9a000, 0x000001e4abb9a800, 0x000001e4abb9c800, 0x000001e4abb9d000,
0x000001e4abb97800, 0x000001e4abb98000, 0x000001e4abb99000, 0x000001e4ae6e6000,
0x000001e4ae6e1000, 0x000001e4ae6e2800, 0x000001e4ae6e3800, 0x000001e4ae6e5000,
0x000001e4ae6e0800, 0x000001e4ae6e7000, 0x000001e4ae6ea000, 0x000001e4ae6e4800,
0x000001e4ae6eb000, 0x000001e4ae6eb800, 0x000001e4ae6e7800, 0x000001e4ae6ec800,
0x000001e4ae6ed800, 0x000001e4ae6ee000, 0x000001e4ae6e8800, 0x000001e4ae6ef000,
0x000001e4b108f800, 0x000001e4b108d000, 0x000001e4b108e800, 0x000001e4b1093800,
0x000001e4b1090800, 0x000001e4b1091000, 0x000001e4b1092000, 0x000001e4b108e000,
0x000001e4b1093000, 0x000001e4ae406800, 0x000001e4ae408000, 0x000001e4ae404000,
0x000001e4ae40a000, 0x000001e4ae409000, 0x000001e4ae405000, 0x000001e4ae40a800,
0x000001e4ae407800, 0x000001e4ae40b800, 0x000001e4ae405800, 0x000001e4ae40f800,
0x000001e4ae412000, 0x000001e4ae40c000, 0x000001e4ae412800, 0x000001e4ae411000,
0x000001e4ae40d000, 0x000001e4ae410800, 0x000001e4ae40e000, 0x000001e4ae40e800,
0x000001e4afa54000, 0x000001e4afa57800, 0x000001e4afa55800, 0x000001e4afa59000,
0x000001e4afa53000, 0x000001e4afa55000, 0x000001e4afa5c000, 0x000001e4afa56800,
0x000001e4afa5a800, 0x000001e4afa5d000, 0x000001e4afa5e000, 0x000001e4afa58000,
0x000001e4afa62000, 0x000001e4afa5e800, 0x000001e4afa5f800
}

Java Threads: ( => current thread )
  0x000001e49210c000 JavaThread "main" [_thread_blocked, id=154796, stack(0x000000b5a3200000,0x000000b5a3300000)]
  0x000001e4ab178000 JavaThread "Reference Handler" daemon [_thread_blocked, id=123884, stack(0x000000b5a3900000,0x000000b5a3a00000)]
  0x000001e4ab179000 JavaThread "Finalizer" daemon [_thread_blocked, id=52936, stack(0x000000b5a3a00000,0x000000b5a3b00000)]
  0x000001e4ab176000 JavaThread "Signal Dispatcher" daemon [_thread_blocked, id=49484, stack(0x000000b5a3b00000,0x000000b5a3c00000)]
  0x000001e4aba6d800 JavaThread "Attach Listener" daemon [_thread_blocked, id=181972, stack(0x000000b5a3c00000,0x000000b5a3d00000)]
  0x000001e4aba72000 JavaThread "Service Thread" daemon [_thread_blocked, id=10268, stack(0x000000b5a3d00000,0x000000b5a3e00000)]
=>0x000001e4aba73000 JavaThread "C2 CompilerThread0" daemon [_thread_in_native, id=144820, stack(0x000000b5a3e00000,0x000000b5a3f00000)]
  0x000001e4aba74000 JavaThread "C1 CompilerThread0" daemon [_thread_blocked, id=73424, stack(0x000000b5a3f00000,0x000000b5a4000000)]
  0x000001e4abadf800 JavaThread "Sweeper thread" daemon [_thread_blocked, id=39604, stack(0x000000b5a4000000,0x000000b5a4100000)]
  0x000001e4abb5b800 JavaThread "Common-Cleaner" daemon [_thread_blocked, id=76532, stack(0x000000b5a4100000,0x000000b5a4200000)]
  0x000001e4adcfc800 JavaThread "Daemon health stats" [_thread_blocked, id=137904, stack(0x000000b5a4600000,0x000000b5a4700000)]
  0x000001e4ae6af800 JavaThread "Incoming local TCP Connector on port 52743" [_thread_in_native, id=79828, stack(0x000000b5a4700000,0x000000b5a4800000)]
  0x000001e4ae3f7800 JavaThread "Daemon periodic checks" [_thread_blocked, id=130276, stack(0x000000b5a4800000,0x000000b5a4900000)]
  0x000001e4acbd8000 JavaThread "Daemon" [_thread_blocked, id=126196, stack(0x000000b5a4900000,0x000000b5a4a00000)]
  0x000001e4ad2b6000 JavaThread "Handler for socket connection from /127.0.0.1:52743 to /127.0.0.1:52744" [_thread_in_native, id=199432, stack(0x000000b5a4a00000,0x000000b5a4b00000)]
  0x000001e4ae516800 JavaThread "Cancel handler" [_thread_blocked, id=111736, stack(0x000000b5a4b00000,0x000000b5a4c00000)]
  0x000001e4abca6800 JavaThread "Daemon worker" [_thread_blocked, id=155968, stack(0x000000b5a4c00000,0x000000b5a4d00000)]
  0x000001e4ae165800 JavaThread "Asynchronous log dispatcher for DefaultDaemonConnection: socket connection from /127.0.0.1:52743 to /127.0.0.1:52744" [_thread_blocked, id=176000, stack(0x000000b5a4d00000,0x000000b5a4e00000)]
  0x000001e4ad4d5000 JavaThread "Stdin handler" [_thread_blocked, id=108096, stack(0x000000b5a4e00000,0x000000b5a4f00000)]
  0x000001e4abb9b800 JavaThread "Daemon client event forwarder" [_thread_blocked, id=64788, stack(0x000000b5a4f00000,0x000000b5a5000000)]
  0x000001e4abb9a000 JavaThread "Cache worker for journal cache (C:\Users\khushboo\.gradle\caches\journal-1)" [_thread_blocked, id=113284, stack(0x000000b5a5000000,0x000000b5a5100000)]
  0x000001e4abb9a800 JavaThread "File lock request listener" [_thread_in_native, id=103708, stack(0x000000b5a5100000,0x000000b5a5200000)]
  0x000001e4abb9c800 JavaThread "Cache worker for file hash cache (C:\Users\khushboo\.gradle\caches\7.4\fileHashes)" [_thread_blocked, id=23512, stack(0x000000b5a5200000,0x000000b5a5300000)]
  0x000001e4abb9d000 JavaThread "File watcher server" daemon [_thread_in_native, id=195316, stack(0x000000b5a5300000,0x000000b5a5400000)]
  0x000001e4abb97800 JavaThread "File watcher consumer" daemon [_thread_blocked, id=115548, stack(0x000000b5a5400000,0x000000b5a5500000)]
  0x000001e4abb98000 JavaThread "Cache worker for checksums cache (C:\Users\khushboo\Desktop\Flutter Training\Git\ghmcofficerslogin\android\.gradle\7.4\checksums)" [_thread_blocked, id=32592, stack(0x000000b5a5500000,0x000000b5a5600000)]
  0x000001e4abb99000 JavaThread "Cache worker for cache directory md-rule (C:\Users\khushboo\.gradle\caches\7.4\md-rule)" [_thread_blocked, id=194000, stack(0x000000b5a5700000,0x000000b5a5800000)]
  0x000001e4ae6e6000 JavaThread "Cache worker for file hash cache (C:\Users\khushboo\Desktop\Flutter Training\Git\ghmcofficerslogin\android\.gradle\7.4\fileHashes)" [_thread_blocked, id=17364, stack(0x000000b5a5800000,0x000000b5a5900000)]
  0x000001e4ae6e1000 JavaThread "Cache worker for cache directory md-supplier (C:\Users\khushboo\.gradle\caches\7.4\md-supplier)" [_thread_blocked, id=105604, stack(0x000000b5a5900000,0x000000b5a5a00000)]
  0x000001e4ae6e2800 JavaThread "Cache worker for execution history cache (C:\Users\khushboo\.gradle\caches\7.4\executionHistory)" [_thread_blocked, id=18832, stack(0x000000b5a5a00000,0x000000b5a5b00000)]
  0x000001e4ae6e3800 JavaThread "jar transforms" [_thread_blocked, id=84400, stack(0x000000b5a5b00000,0x000000b5a5c00000)]
  0x000001e4ae6e5000 JavaThread "jar transforms Thread 2" [_thread_blocked, id=55844, stack(0x000000b5a5c00000,0x000000b5a5d00000)]
  0x000001e4ae6e0800 JavaThread "Cache worker for file content cache (C:\Users\khushboo\.gradle\caches\7.4\fileContent)" [_thread_blocked, id=175588, stack(0x000000b5a5d00000,0x000000b5a5e00000)]
  0x000001e4ae6e7000 JavaThread "jar transforms Thread 3" [_thread_blocked, id=179932, stack(0x000000b5a2f00000,0x000000b5a3000000)]
  0x000001e4ae6ea000 JavaThread "jar transforms Thread 4" [_thread_blocked, id=192860, stack(0x000000b5a3000000,0x000000b5a3100000)]
  0x000001e4ae6e4800 JavaThread "Cache worker for dependencies-accessors (C:\Users\khushboo\Desktop\Flutter Training\Git\ghmcofficerslogin\android\.gradle\7.4\dependencies-accessors)" [_thread_blocked, id=15548, stack(0x000000b5a3100000,0x000000b5a3200000)]
  0x000001e4ae6eb000 JavaThread "Cache worker for Build Output Cleanup Cache (C:\Users\khushboo\Desktop\Flutter Training\Git\ghmcofficerslogin\android\.gradle\buildOutputCleanup)" [_thread_blocked, id=45052, stack(0x000000b5a5e00000,0x000000b5a5f00000)]
  0x000001e4ae6eb800 JavaThread "Unconstrained build operations" [_thread_blocked, id=173184, stack(0x000000b5a5f00000,0x000000b5a6000000)]
  0x000001e4ae6e7800 JavaThread "Unconstrained build operations Thread 2" [_thread_blocked, id=176388, stack(0x000000b5a6000000,0x000000b5a6100000)]
  0x000001e4ae6ec800 JavaThread "Unconstrained build operations Thread 3" [_thread_blocked, id=107808, stack(0x000000b5a6100000,0x000000b5a6200000)]
  0x000001e4ae6ed800 JavaThread "Unconstrained build operations Thread 4" [_thread_blocked, id=166456, stack(0x000000b5a6200000,0x000000b5a6300000)]
  0x000001e4ae6ee000 JavaThread "Unconstrained build operations Thread 5" [_thread_blocked, id=1324, stack(0x000000b5a6300000,0x000000b5a6400000)]
  0x000001e4ae6e8800 JavaThread "Unconstrained build operations Thread 6" [_thread_blocked, id=132084, stack(0x000000b5a6400000,0x000000b5a6500000)]
  0x000001e4ae6ef000 JavaThread "Unconstrained build operations Thread 7" [_thread_blocked, id=6776, stack(0x000000b5a6500000,0x000000b5a6600000)]
  0x000001e4b108f800 JavaThread "Unconstrained build operations Thread 8" [_thread_blocked, id=189180, stack(0x000000b5a6600000,0x000000b5a6700000)]
  0x000001e4b108d000 JavaThread "Unconstrained build operations Thread 9" [_thread_blocked, id=7056, stack(0x000000b5a6700000,0x000000b5a6800000)]
  0x000001e4b108e800 JavaThread "Unconstrained build operations Thread 10" [_thread_blocked, id=99636, stack(0x000000b5a6800000,0x000000b5a6900000)]
  0x000001e4b1093800 JavaThread "Unconstrained build operations Thread 11" [_thread_blocked, id=75624, stack(0x000000b5a6900000,0x000000b5a6a00000)]
  0x000001e4b1090800 JavaThread "Unconstrained build operations Thread 12" [_thread_blocked, id=160324, stack(0x000000b5a6a00000,0x000000b5a6b00000)]
  0x000001e4b1091000 JavaThread "Unconstrained build operations Thread 13" [_thread_blocked, id=135244, stack(0x000000b5a6b00000,0x000000b5a6c00000)]
  0x000001e4b1092000 JavaThread "Unconstrained build operations Thread 14" [_thread_blocked, id=127408, stack(0x000000b5a6c00000,0x000000b5a6d00000)]
  0x000001e4b108e000 JavaThread "Unconstrained build operations Thread 15" [_thread_blocked, id=198636, stack(0x000000b5a6d00000,0x000000b5a6e00000)]
  0x000001e4b1093000 JavaThread "Unconstrained build operations Thread 16" [_thread_blocked, id=85060, stack(0x000000b5a6e00000,0x000000b5a6f00000)]
  0x000001e4ae406800 JavaThread "Unconstrained build operations Thread 17" [_thread_blocked, id=48420, stack(0x000000b5a6f00000,0x000000b5a7000000)]
  0x000001e4ae408000 JavaThread "Unconstrained build operations Thread 18" [_thread_blocked, id=125240, stack(0x000000b5a7000000,0x000000b5a7100000)]
  0x000001e4ae404000 JavaThread "Unconstrained build operations Thread 19" [_thread_blocked, id=67960, stack(0x000000b5a7100000,0x000000b5a7200000)]
  0x000001e4ae40a000 JavaThread "Unconstrained build operations Thread 20" [_thread_blocked, id=86760, stack(0x000000b5a7200000,0x000000b5a7300000)]
  0x000001e4ae409000 JavaThread "Unconstrained build operations Thread 21" [_thread_blocked, id=44344, stack(0x000000b5a7300000,0x000000b5a7400000)]
  0x000001e4ae405000 JavaThread "Unconstrained build operations Thread 22" [_thread_blocked, id=45280, stack(0x000000b5a7400000,0x000000b5a7500000)]
  0x000001e4ae40a800 JavaThread "Unconstrained build operations Thread 23" [_thread_blocked, id=138136, stack(0x000000b5a7500000,0x000000b5a7600000)]
  0x000001e4ae407800 JavaThread "Unconstrained build operations Thread 24" [_thread_blocked, id=196292, stack(0x000000b5a7600000,0x000000b5a7700000)]
  0x000001e4ae40b800 JavaThread "Unconstrained build operations Thread 25" [_thread_blocked, id=118436, stack(0x000000b5a7700000,0x000000b5a7800000)]
  0x000001e4ae405800 JavaThread "Unconstrained build operations Thread 26" [_thread_blocked, id=96584, stack(0x000000b5a7800000,0x000000b5a7900000)]
  0x000001e4ae40f800 JavaThread "Unconstrained build operations Thread 27" [_thread_blocked, id=193556, stack(0x000000b5a7900000,0x000000b5a7a00000)]
  0x000001e4ae412000 JavaThread "Unconstrained build operations Thread 28" [_thread_blocked, id=151084, stack(0x000000b5a7a00000,0x000000b5a7b00000)]
  0x000001e4ae40c000 JavaThread "Unconstrained build operations Thread 29" [_thread_blocked, id=132144, stack(0x000000b5a7b00000,0x000000b5a7c00000)]
  0x000001e4ae412800 JavaThread "Unconstrained build operations Thread 30" [_thread_blocked, id=166540, stack(0x000000b5a7c00000,0x000000b5a7d00000)]
  0x000001e4ae411000 JavaThread "Unconstrained build operations Thread 31" [_thread_blocked, id=114832, stack(0x000000b5a7d00000,0x000000b5a7e00000)]
  0x000001e4ae40d000 JavaThread "Unconstrained build operations Thread 32" [_thread_blocked, id=202884, stack(0x000000b5a7e00000,0x000000b5a7f00000)]
  0x000001e4ae410800 JavaThread "Unconstrained build operations Thread 33" [_thread_blocked, id=107844, stack(0x000000b5a7f00000,0x000000b5a8000000)]
  0x000001e4ae40e000 JavaThread "Unconstrained build operations Thread 34" [_thread_blocked, id=55992, stack(0x000000b5a8000000,0x000000b5a8100000)]
  0x000001e4ae40e800 JavaThread "Unconstrained build operations Thread 35" [_thread_blocked, id=123992, stack(0x000000b5a8100000,0x000000b5a8200000)]
  0x000001e4afa54000 JavaThread "Unconstrained build operations Thread 36" [_thread_blocked, id=31748, stack(0x000000b5a8200000,0x000000b5a8300000)]
  0x000001e4afa57800 JavaThread "Unconstrained build operations Thread 37" [_thread_blocked, id=185308, stack(0x000000b5a8300000,0x000000b5a8400000)]
  0x000001e4afa55800 JavaThread "Unconstrained build operations Thread 38" [_thread_blocked, id=49564, stack(0x000000b5a8400000,0x000000b5a8500000)]
  0x000001e4afa59000 JavaThread "Unconstrained build operations Thread 39" [_thread_blocked, id=171652, stack(0x000000b5a8500000,0x000000b5a8600000)]
  0x000001e4afa53000 JavaThread "Unconstrained build operations Thread 40" [_thread_blocked, id=73708, stack(0x000000b5a8600000,0x000000b5a8700000)]
  0x000001e4afa55000 JavaThread "Memory manager" [_thread_blocked, id=196584, stack(0x000000b5a8a00000,0x000000b5a8b00000)]
  0x000001e4afa5c000 JavaThread "build event listener" [_thread_blocked, id=58132, stack(0x000000b5a8900000,0x000000b5a8a00000)]
  0x000001e4afa56800 JavaThread "included builds" [_thread_blocked, id=11932, stack(0x000000b5a8b00000,0x000000b5a8c00000)]
  0x000001e4afa5a800 JavaThread "Execution worker for ':'" [_thread_blocked, id=95124, stack(0x000000b5a8c00000,0x000000b5a8d00000)]
  0x000001e4afa5d000 JavaThread "Execution worker for ':' Thread 2" [_thread_blocked, id=22600, stack(0x000000b5a8d00000,0x000000b5a8e00000)]
  0x000001e4afa5e000 JavaThread "Execution worker for ':' Thread 3" [_thread_blocked, id=184520, stack(0x000000b5a8e00000,0x000000b5a8f00000)]
  0x000001e4afa58000 JavaThread "Cache worker for execution history cache (C:\Users\khushboo\Desktop\Flutter Training\Git\ghmcofficerslogin\android\.gradle\7.4\executionHistory)" [_thread_blocked, id=92620, stack(0x000000b5a8f00000,0x000000b5a9000000)]
  0x000001e4afa62000 JavaThread "Exec process" [_thread_in_native, id=76176, stack(0x000000b5a9000000,0x000000b5a9100000)]
  0x000001e4afa5e800 JavaThread "Exec process Thread 2" [_thread_in_native, id=114100, stack(0x000000b5a9100000,0x000000b5a9200000)]
  0x000001e4afa5f800 JavaThread "Exec process Thread 3" [_thread_in_native, id=191304, stack(0x000000b5a9200000,0x000000b5a9300000)]

Other Threads:
  0x000001e4ab15f800 VMThread "VM Thread" [stack: 0x000000b5a3800000,0x000000b5a3900000] [id=183240]
  0x000001e4abb5c800 WatcherThread [stack: 0x000000b5a4200000,0x000000b5a4300000] [id=122652]
  0x000001e492127800 GCTaskThread "GC Thread#0" [stack: 0x000000b5a3300000,0x000000b5a3400000] [id=3656]
  0x000001e4abff9800 GCTaskThread "GC Thread#1" [stack: 0x000000b5a4300000,0x000000b5a4400000] [id=22172]
  0x000001e4abd33800 GCTaskThread "GC Thread#2" [stack: 0x000000b5a4400000,0x000000b5a4500000] [id=6824]
  0x000001e4ac2c9800 GCTaskThread "GC Thread#3" [stack: 0x000000b5a4500000,0x000000b5a4600000] [id=41684]
  0x000001e49214e000 ConcurrentGCThread "G1 Main Marker" [stack: 0x000000b5a3400000,0x000000b5a3500000] [id=75384]
  0x000001e49214f800 ConcurrentGCThread "G1 Conc#0" [stack: 0x000000b5a3500000,0x000000b5a3600000] [id=22580]
  0x000001e4ab04b800 ConcurrentGCThread "G1 Refine#0" [stack: 0x000000b5a3600000,0x000000b5a3700000] [id=119240]
  0x000001e4ab04c800 ConcurrentGCThread "G1 Young RemSet Sampling" [stack: 0x000000b5a3700000,0x000000b5a3800000] [id=83044]

Threads with active compile tasks:
C2 CompilerThread0 143771 9231   !   4       java.util.concurrent.locks.AbstractQueuedSynchronizer::acquireQueued (74 bytes)

VM state:not at safepoint (normal execution)

VM Mutex/Monitor currently owned by a thread: None

Heap address: 0x00000000a0000000, size: 1536 MB, Compressed Oops mode: 32-bit
Narrow klass base: 0x0000000000000000, Narrow klass shift: 3
Compressed class space size: 1073741824 Address: 0x0000000100000000

Heap:
 garbage-first heap   total 262144K, used 91136K [0x00000000a0000000, 0x0000000100000000)
  region size 1024K, 10 young (10240K), 8 survivors (8192K)
 Metaspace       used 86181K, capacity 88708K, committed 88828K, reserved 1126400K
  class space    used 11390K, capacity 12311K, committed 12416K, reserved 1048576K
Heap Regions: E=young(eden), S=young(survivor), O=old, HS=humongous(starts), HC=humongous(continues), CS=collection set, F=free, A=archive, TAMS=top-at-mark-start (previous, next)
|   0|0x00000000a0000000, 0x00000000a0100000, 0x00000000a0100000|100%|HS|  |TAMS 0x00000000a0100000, 0x00000000a0000000| Complete 
|   1|0x00000000a0100000, 0x00000000a0200000, 0x00000000a0200000|100%|HC|  |TAMS 0x00000000a0200000, 0x00000000a0100000| Complete 
|   2|0x00000000a0200000, 0x00000000a0300000, 0x00000000a0300000|100%|HC|  |TAMS 0x00000000a0300000, 0x00000000a0200000| Complete 
|   3|0x00000000a0300000, 0x00000000a0400000, 0x00000000a0400000|100%| O|  |TAMS 0x00000000a0400000, 0x00000000a0300000| Untracked 
|   4|0x00000000a0400000, 0x00000000a0500000, 0x00000000a0500000|100%| O|  |TAMS 0x00000000a0500000, 0x00000000a0400000| Untracked 
|   5|0x00000000a0500000, 0x00000000a0600000, 0x00000000a0600000|100%| O|  |TAMS 0x00000000a0600000, 0x00000000a0500000| Untracked 
|   6|0x00000000a0600000, 0x00000000a0700000, 0x00000000a0700000|100%| O|  |TAMS 0x00000000a0700000, 0x00000000a0600000| Untracked 
|   7|0x00000000a0700000, 0x00000000a0800000, 0x00000000a0800000|100%| O|  |TAMS 0x00000000a0800000, 0x00000000a0700000| Untracked 
|   8|0x00000000a0800000, 0x00000000a0900000, 0x00000000a0900000|100%| O|  |TAMS 0x00000000a0900000, 0x00000000a0800000| Untracked 
|   9|0x00000000a0900000, 0x00000000a0a00000, 0x00000000a0a00000|100%| O|  |TAMS 0x00000000a0a00000, 0x00000000a0900000| Untracked 
|  10|0x00000000a0a00000, 0x00000000a0b00000, 0x00000000a0b00000|100%| O|  |TAMS 0x00000000a0b00000, 0x00000000a0a00000| Untracked 
|  11|0x00000000a0b00000, 0x00000000a0c00000, 0x00000000a0c00000|100%| O|  |TAMS 0x00000000a0c00000, 0x00000000a0b00000| Untracked 
|  12|0x00000000a0c00000, 0x00000000a0d00000, 0x00000000a0d00000|100%| O|  |TAMS 0x00000000a0d00000, 0x00000000a0c00000| Untracked 
|  13|0x00000000a0d00000, 0x00000000a0e00000, 0x00000000a0e00000|100%| O|  |TAMS 0x00000000a0e00000, 0x00000000a0d00000| Untracked 
|  14|0x00000000a0e00000, 0x00000000a0f00000, 0x00000000a0f00000|100%| O|  |TAMS 0x00000000a0f00000, 0x00000000a0e00000| Untracked 
|  15|0x00000000a0f00000, 0x00000000a1000000, 0x00000000a1000000|100%| O|  |TAMS 0x00000000a1000000, 0x00000000a0f00000| Untracked 
|  16|0x00000000a1000000, 0x00000000a1100000, 0x00000000a1100000|100%| O|  |TAMS 0x00000000a1100000, 0x00000000a1000000| Untracked 
|  17|0x00000000a1100000, 0x00000000a1200000, 0x00000000a1200000|100%|HS|  |TAMS 0x00000000a1200000, 0x00000000a1100000| Complete 
|  18|0x00000000a1200000, 0x00000000a1300000, 0x00000000a1300000|100%|HS|  |TAMS 0x00000000a1300000, 0x00000000a1200000| Complete 
|  19|0x00000000a1300000, 0x00000000a1400000, 0x00000000a1400000|100%|HS|  |TAMS 0x00000000a1400000, 0x00000000a1300000| Complete 
|  20|0x00000000a1400000, 0x00000000a1500000, 0x00000000a1500000|100%|HS|  |TAMS 0x00000000a1500000, 0x00000000a1400000| Complete 
|  21|0x00000000a1500000, 0x00000000a1600000, 0x00000000a1600000|100%|HS|  |TAMS 0x00000000a1600000, 0x00000000a1500000| Complete 
|  22|0x00000000a1600000, 0x00000000a1700000, 0x00000000a1700000|100%|HC|  |TAMS 0x00000000a1700000, 0x00000000a1600000| Complete 
|  23|0x00000000a1700000, 0x00000000a1800000, 0x00000000a1800000|100%|HC|  |TAMS 0x00000000a1800000, 0x00000000a1700000| Complete 
|  24|0x00000000a1800000, 0x00000000a1900000, 0x00000000a1900000|100%|HS|  |TAMS 0x00000000a1900000, 0x00000000a1800000| Complete 
|  25|0x00000000a1900000, 0x00000000a1a00000, 0x00000000a1a00000|100%|HC|  |TAMS 0x00000000a1a00000, 0x00000000a1900000| Complete 
|  26|0x00000000a1a00000, 0x00000000a1b00000, 0x00000000a1b00000|100%| O|  |TAMS 0x00000000a1b00000, 0x00000000a1a00000| Untracked 
|  27|0x00000000a1b00000, 0x00000000a1c00000, 0x00000000a1c00000|100%| O|  |TAMS 0x00000000a1c00000, 0x00000000a1b00000| Untracked 
|  28|0x00000000a1c00000, 0x00000000a1d00000, 0x00000000a1d00000|100%| O|  |TAMS 0x00000000a1d00000, 0x00000000a1c00000| Untracked 
|  29|0x00000000a1d00000, 0x00000000a1e00000, 0x00000000a1e00000|100%| O|  |TAMS 0x00000000a1e00000, 0x00000000a1d00000| Untracked 
|  30|0x00000000a1e00000, 0x00000000a1f00000, 0x00000000a1f00000|100%| O|  |TAMS 0x00000000a1f00000, 0x00000000a1e00000| Untracked 
|  31|0x00000000a1f00000, 0x00000000a2000000, 0x00000000a2000000|100%| O|  |TAMS 0x00000000a2000000, 0x00000000a1f00000| Untracked 
|  32|0x00000000a2000000, 0x00000000a2100000, 0x00000000a2100000|100%| O|  |TAMS 0x00000000a2100000, 0x00000000a2000000| Untracked 
|  33|0x00000000a2100000, 0x00000000a2200000, 0x00000000a2200000|100%| O|  |TAMS 0x00000000a2200000, 0x00000000a2100000| Untracked 
|  34|0x00000000a2200000, 0x00000000a2300000, 0x00000000a2300000|100%| O|  |TAMS 0x00000000a2300000, 0x00000000a2200000| Untracked 
|  35|0x00000000a2300000, 0x00000000a2400000, 0x00000000a2400000|100%| O|  |TAMS 0x00000000a2400000, 0x00000000a2300000| Untracked 
|  36|0x00000000a2400000, 0x00000000a2500000, 0x00000000a2500000|100%| O|  |TAMS 0x00000000a2500000, 0x00000000a2400000| Untracked 
|  37|0x00000000a2500000, 0x00000000a2600000, 0x00000000a2600000|100%| O|  |TAMS 0x00000000a2600000, 0x00000000a2500000| Untracked 
|  38|0x00000000a2600000, 0x00000000a2700000, 0x00000000a2700000|100%| O|  |TAMS 0x00000000a2700000, 0x00000000a2600000| Untracked 
|  39|0x00000000a2700000, 0x00000000a2800000, 0x00000000a2800000|100%| O|  |TAMS 0x00000000a2800000, 0x00000000a2700000| Untracked 
|  40|0x00000000a2800000, 0x00000000a2900000, 0x00000000a2900000|100%| O|  |TAMS 0x00000000a2900000, 0x00000000a2800000| Untracked 
|  41|0x00000000a2900000, 0x00000000a2a00000, 0x00000000a2a00000|100%| O|  |TAMS 0x00000000a2a00000, 0x00000000a2900000| Untracked 
|  42|0x00000000a2a00000, 0x00000000a2b00000, 0x00000000a2b00000|100%| O|  |TAMS 0x00000000a2b00000, 0x00000000a2a00000| Untracked 
|  43|0x00000000a2b00000, 0x00000000a2c00000, 0x00000000a2c00000|100%| O|  |TAMS 0x00000000a2c00000, 0x00000000a2b00000| Untracked 
|  44|0x00000000a2c00000, 0x00000000a2d00000, 0x00000000a2d00000|100%| O|  |TAMS 0x00000000a2d00000, 0x00000000a2c00000| Untracked 
|  45|0x00000000a2d00000, 0x00000000a2e00000, 0x00000000a2e00000|100%| O|  |TAMS 0x00000000a2e00000, 0x00000000a2d00000| Untracked 
|  46|0x00000000a2e00000, 0x00000000a2f00000, 0x00000000a2f00000|100%| O|  |TAMS 0x00000000a2f00000, 0x00000000a2e00000| Untracked 
|  47|0x00000000a2f00000, 0x00000000a3000000, 0x00000000a3000000|100%| O|  |TAMS 0x00000000a3000000, 0x00000000a2f00000| Untracked 
|  48|0x00000000a3000000, 0x00000000a3100000, 0x00000000a3100000|100%| O|  |TAMS 0x00000000a30c4e00, 0x00000000a3000000| Untracked 
|  49|0x00000000a3100000, 0x00000000a3200000, 0x00000000a3200000|100%|HS|  |TAMS 0x00000000a3100000, 0x00000000a3100000| Complete 
|  50|0x00000000a3200000, 0x00000000a3300000, 0x00000000a3300000|100%|HS|  |TAMS 0x00000000a3200000, 0x00000000a3200000| Complete 
|  51|0x00000000a3300000, 0x00000000a3400000, 0x00000000a3400000|100%|HC|  |TAMS 0x00000000a3300000, 0x00000000a3300000| Complete 
|  52|0x00000000a3400000, 0x00000000a3500000, 0x00000000a3500000|100%| O|  |TAMS 0x00000000a3400000, 0x00000000a3400000| Untracked 
|  53|0x00000000a3500000, 0x00000000a3600000, 0x00000000a3600000|100%| O|  |TAMS 0x00000000a3500000, 0x00000000a3500000| Untracked 
|  54|0x00000000a3600000, 0x00000000a3700000, 0x00000000a3700000|100%| O|  |TAMS 0x00000000a3600000, 0x00000000a3600000| Untracked 
|  55|0x00000000a3700000, 0x00000000a3800000, 0x00000000a3800000|100%| O|  |TAMS 0x00000000a3700000, 0x00000000a3700000| Untracked 
|  56|0x00000000a3800000, 0x00000000a3900000, 0x00000000a3900000|100%| O|  |TAMS 0x00000000a3800000, 0x00000000a3800000| Untracked 
|  57|0x00000000a3900000, 0x00000000a3a00000, 0x00000000a3a00000|100%| O|  |TAMS 0x00000000a3900000, 0x00000000a3900000| Untracked 
|  58|0x00000000a3a00000, 0x00000000a3b00000, 0x00000000a3b00000|100%| O|  |TAMS 0x00000000a3a00000, 0x00000000a3a00000| Untracked 
|  59|0x00000000a3b00000, 0x00000000a3c00000, 0x00000000a3c00000|100%| O|  |TAMS 0x00000000a3b00000, 0x00000000a3b00000| Untracked 
|  60|0x00000000a3c00000, 0x00000000a3d00000, 0x00000000a3d00000|100%| O|  |TAMS 0x00000000a3c00000, 0x00000000a3c00000| Untracked 
|  61|0x00000000a3d00000, 0x00000000a3e00000, 0x00000000a3e00000|100%| O|  |TAMS 0x00000000a3d00000, 0x00000000a3d00000| Untracked 
|  62|0x00000000a3e00000, 0x00000000a3f00000, 0x00000000a3f00000|100%| O|  |TAMS 0x00000000a3e00000, 0x00000000a3e00000| Untracked 
|  63|0x00000000a3f00000, 0x00000000a4000000, 0x00000000a4000000|100%| O|  |TAMS 0x00000000a3f00000, 0x00000000a3f00000| Untracked 
|  64|0x00000000a4000000, 0x00000000a4100000, 0x00000000a4100000|100%| O|  |TAMS 0x00000000a4000000, 0x00000000a4000000| Untracked 
|  65|0x00000000a4100000, 0x00000000a4200000, 0x00000000a4200000|100%| O|  |TAMS 0x00000000a4100000, 0x00000000a4100000| Untracked 
|  66|0x00000000a4200000, 0x00000000a4300000, 0x00000000a4300000|100%| O|  |TAMS 0x00000000a4200000, 0x00000000a4200000| Untracked 
|  67|0x00000000a4300000, 0x00000000a4400000, 0x00000000a4400000|100%| O|  |TAMS 0x00000000a4300000, 0x00000000a4300000| Untracked 
|  68|0x00000000a4400000, 0x00000000a4500000, 0x00000000a4500000|100%| O|  |TAMS 0x00000000a4400000, 0x00000000a4400000| Untracked 
|  69|0x00000000a4500000, 0x00000000a4600000, 0x00000000a4600000|100%| O|  |TAMS 0x00000000a4500000, 0x00000000a4500000| Untracked 
|  70|0x00000000a4600000, 0x00000000a4700000, 0x00000000a4700000|100%| O|  |TAMS 0x00000000a4600000, 0x00000000a4600000| Untracked 
|  71|0x00000000a4700000, 0x00000000a4800000, 0x00000000a4800000|100%| O|  |TAMS 0x00000000a4700000, 0x00000000a4700000| Untracked 
|  72|0x00000000a4800000, 0x00000000a4900000, 0x00000000a4900000|100%| O|  |TAMS 0x00000000a4800000, 0x00000000a4800000| Untracked 
|  73|0x00000000a4900000, 0x00000000a4a00000, 0x00000000a4a00000|100%| O|  |TAMS 0x00000000a4900000, 0x00000000a4900000| Untracked 
|  74|0x00000000a4a00000, 0x00000000a4b00000, 0x00000000a4b00000|100%| O|  |TAMS 0x00000000a4a00000, 0x00000000a4a00000| Untracked 
|  75|0x00000000a4b00000, 0x00000000a4c00000, 0x00000000a4c00000|100%| O|  |TAMS 0x00000000a4b00000, 0x00000000a4b00000| Untracked 
|  76|0x00000000a4c00000, 0x00000000a4d00000, 0x00000000a4d00000|100%| O|  |TAMS 0x00000000a4c00000, 0x00000000a4c00000| Untracked 
|  77|0x00000000a4d00000, 0x00000000a4e00000, 0x00000000a4e00000|100%| O|  |TAMS 0x00000000a4d00000, 0x00000000a4d00000| Untracked 
|  78|0x00000000a4e00000, 0x00000000a4f00000, 0x00000000a4f00000|100%| O|  |TAMS 0x00000000a4e00000, 0x00000000a4e00000| Untracked 
|  79|0x00000000a4f00000, 0x00000000a5000000, 0x00000000a5000000|100%| O|  |TAMS 0x00000000a4f00000, 0x00000000a4f00000| Untracked 
|  80|0x00000000a5000000, 0x00000000a5000000, 0x00000000a5100000|  0%| F|  |TAMS 0x00000000a5000000, 0x00000000a5000000| Untracked 
|  81|0x00000000a5100000, 0x00000000a5100000, 0x00000000a5200000|  0%| F|  |TAMS 0x00000000a5100000, 0x00000000a5100000| Untracked 
|  82|0x00000000a5200000, 0x00000000a5200000, 0x00000000a5300000|  0%| F|  |TAMS 0x00000000a5200000, 0x00000000a5200000| Untracked 
|  83|0x00000000a5300000, 0x00000000a5300000, 0x00000000a5400000|  0%| F|  |TAMS 0x00000000a5300000, 0x00000000a5300000| Untracked 
|  84|0x00000000a5400000, 0x00000000a5400000, 0x00000000a5500000|  0%| F|  |TAMS 0x00000000a5400000, 0x00000000a5400000| Untracked 
|  85|0x00000000a5500000, 0x00000000a5500000, 0x00000000a5600000|  0%| F|  |TAMS 0x00000000a5500000, 0x00000000a5500000| Untracked 
|  86|0x00000000a5600000, 0x00000000a5600000, 0x00000000a5700000|  0%| F|  |TAMS 0x00000000a5600000, 0x00000000a5600000| Untracked 
|  87|0x00000000a5700000, 0x00000000a5700000, 0x00000000a5800000|  0%| F|  |TAMS 0x00000000a5700000, 0x00000000a5700000| Untracked 
|  88|0x00000000a5800000, 0x00000000a5800000, 0x00000000a5900000|  0%| F|  |TAMS 0x00000000a5800000, 0x00000000a5800000| Untracked 
|  89|0x00000000a5900000, 0x00000000a5900000, 0x00000000a5a00000|  0%| F|  |TAMS 0x00000000a5900000, 0x00000000a5900000| Untracked 
|  90|0x00000000a5a00000, 0x00000000a5a00000, 0x00000000a5b00000|  0%| F|  |TAMS 0x00000000a5a00000, 0x00000000a5a00000| Untracked 
|  91|0x00000000a5b00000, 0x00000000a5b00000, 0x00000000a5c00000|  0%| F|  |TAMS 0x00000000a5b00000, 0x00000000a5b00000| Untracked 
|  92|0x00000000a5c00000, 0x00000000a5c00000, 0x00000000a5d00000|  0%| F|  |TAMS 0x00000000a5c00000, 0x00000000a5c00000| Untracked 
|  93|0x00000000a5d00000, 0x00000000a5d00000, 0x00000000a5e00000|  0%| F|  |TAMS 0x00000000a5d00000, 0x00000000a5d00000| Untracked 
|  94|0x00000000a5e00000, 0x00000000a5e00000, 0x00000000a5f00000|  0%| F|  |TAMS 0x00000000a5e00000, 0x00000000a5e00000| Untracked 
|  95|0x00000000a5f00000, 0x00000000a5f00000, 0x00000000a6000000|  0%| F|  |TAMS 0x00000000a5f00000, 0x00000000a5f00000| Untracked 
|  96|0x00000000a6000000, 0x00000000a6000000, 0x00000000a6100000|  0%| F|  |TAMS 0x00000000a6000000, 0x00000000a6000000| Untracked 
|  97|0x00000000a6100000, 0x00000000a6100000, 0x00000000a6200000|  0%| F|  |TAMS 0x00000000a6100000, 0x00000000a6100000| Untracked 
|  98|0x00000000a6200000, 0x00000000a6200000, 0x00000000a6300000|  0%| F|  |TAMS 0x00000000a6200000, 0x00000000a6200000| Untracked 
|  99|0x00000000a6300000, 0x00000000a6300000, 0x00000000a6400000|  0%| F|  |TAMS 0x00000000a6300000, 0x00000000a6300000| Untracked 
| 100|0x00000000a6400000, 0x00000000a6400000, 0x00000000a6500000|  0%| F|  |TAMS 0x00000000a6400000, 0x00000000a6400000| Untracked 
| 101|0x00000000a6500000, 0x00000000a6500000, 0x00000000a6600000|  0%| F|  |TAMS 0x00000000a6500000, 0x00000000a6500000| Untracked 
| 102|0x00000000a6600000, 0x00000000a6600000, 0x00000000a6700000|  0%| F|  |TAMS 0x00000000a6600000, 0x00000000a6600000| Untracked 
| 103|0x00000000a6700000, 0x00000000a6700000, 0x00000000a6800000|  0%| F|  |TAMS 0x00000000a6700000, 0x00000000a6700000| Untracked 
| 104|0x00000000a6800000, 0x00000000a6800000, 0x00000000a6900000|  0%| F|  |TAMS 0x00000000a6800000, 0x00000000a6800000| Untracked 
| 105|0x00000000a6900000, 0x00000000a6900000, 0x00000000a6a00000|  0%| F|  |TAMS 0x00000000a6900000, 0x00000000a6900000| Untracked 
| 106|0x00000000a6a00000, 0x00000000a6a00000, 0x00000000a6b00000|  0%| F|  |TAMS 0x00000000a6a00000, 0x00000000a6a00000| Untracked 
| 107|0x00000000a6b00000, 0x00000000a6b00000, 0x00000000a6c00000|  0%| F|  |TAMS 0x00000000a6b00000, 0x00000000a6b00000| Untracked 
| 108|0x00000000a6c00000, 0x00000000a6c00000, 0x00000000a6d00000|  0%| F|  |TAMS 0x00000000a6c00000, 0x00000000a6c00000| Untracked 
| 109|0x00000000a6d00000, 0x00000000a6d00000, 0x00000000a6e00000|  0%| F|  |TAMS 0x00000000a6d00000, 0x00000000a6d00000| Untracked 
| 110|0x00000000a6e00000, 0x00000000a6e00000, 0x00000000a6f00000|  0%| F|  |TAMS 0x00000000a6e00000, 0x00000000a6e00000| Untracked 
| 111|0x00000000a6f00000, 0x00000000a6f00000, 0x00000000a7000000|  0%| F|  |TAMS 0x00000000a6f00000, 0x00000000a6f00000| Untracked 
| 112|0x00000000a7000000, 0x00000000a7000000, 0x00000000a7100000|  0%| F|  |TAMS 0x00000000a7000000, 0x00000000a7000000| Untracked 
| 113|0x00000000a7100000, 0x00000000a7100000, 0x00000000a7200000|  0%| F|  |TAMS 0x00000000a7100000, 0x00000000a7100000| Untracked 
| 114|0x00000000a7200000, 0x00000000a7200000, 0x00000000a7300000|  0%| F|  |TAMS 0x00000000a7200000, 0x00000000a7200000| Untracked 
| 115|0x00000000a7300000, 0x00000000a7300000, 0x00000000a7400000|  0%| F|  |TAMS 0x00000000a7300000, 0x00000000a7300000| Untracked 
| 116|0x00000000a7400000, 0x00000000a7400000, 0x00000000a7500000|  0%| F|  |TAMS 0x00000000a7400000, 0x00000000a7400000| Untracked 
| 117|0x00000000a7500000, 0x00000000a7500000, 0x00000000a7600000|  0%| F|  |TAMS 0x00000000a7500000, 0x00000000a7500000| Untracked 
| 118|0x00000000a7600000, 0x00000000a7600000, 0x00000000a7700000|  0%| F|  |TAMS 0x00000000a7600000, 0x00000000a7600000| Untracked 
| 119|0x00000000a7700000, 0x00000000a7700000, 0x00000000a7800000|  0%| F|  |TAMS 0x00000000a7700000, 0x00000000a7700000| Untracked 
| 120|0x00000000a7800000, 0x00000000a7800000, 0x00000000a7900000|  0%| F|  |TAMS 0x00000000a7800000, 0x00000000a7800000| Untracked 
| 121|0x00000000a7900000, 0x00000000a7900000, 0x00000000a7a00000|  0%| F|  |TAMS 0x00000000a7900000, 0x00000000a7900000| Untracked 
| 122|0x00000000a7a00000, 0x00000000a7a00000, 0x00000000a7b00000|  0%| F|  |TAMS 0x00000000a7a00000, 0x00000000a7a00000| Untracked 
| 123|0x00000000a7b00000, 0x00000000a7b00000, 0x00000000a7c00000|  0%| F|  |TAMS 0x00000000a7b00000, 0x00000000a7b00000| Untracked 
| 124|0x00000000a7c00000, 0x00000000a7c00000, 0x00000000a7d00000|  0%| F|  |TAMS 0x00000000a7c00000, 0x00000000a7c00000| Untracked 
| 125|0x00000000a7d00000, 0x00000000a7d00000, 0x00000000a7e00000|  0%| F|  |TAMS 0x00000000a7d00000, 0x00000000a7d00000| Untracked 
| 126|0x00000000a7e00000, 0x00000000a7e00000, 0x00000000a7f00000|  0%| F|  |TAMS 0x00000000a7e00000, 0x00000000a7e00000| Untracked 
| 127|0x00000000a7f00000, 0x00000000a7f00000, 0x00000000a8000000|  0%| F|  |TAMS 0x00000000a7f00000, 0x00000000a7f00000| Untracked 
| 128|0x00000000a8000000, 0x00000000a8000000, 0x00000000a8100000|  0%| F|  |TAMS 0x00000000a8000000, 0x00000000a8000000| Untracked 
| 129|0x00000000a8100000, 0x00000000a8100000, 0x00000000a8200000|  0%| F|  |TAMS 0x00000000a8100000, 0x00000000a8100000| Untracked 
| 130|0x00000000a8200000, 0x00000000a8200000, 0x00000000a8300000|  0%| F|  |TAMS 0x00000000a8200000, 0x00000000a8200000| Untracked 
| 131|0x00000000a8300000, 0x00000000a8300000, 0x00000000a8400000|  0%| F|  |TAMS 0x00000000a8300000, 0x00000000a8300000| Untracked 
| 132|0x00000000a8400000, 0x00000000a8500000, 0x00000000a8500000|100%| S|CS|TAMS 0x00000000a8400000, 0x00000000a8400000| Complete 
| 133|0x00000000a8500000, 0x00000000a8600000, 0x00000000a8600000|100%| S|CS|TAMS 0x00000000a8500000, 0x00000000a8500000| Complete 
| 134|0x00000000a8600000, 0x00000000a8700000, 0x00000000a8700000|100%| S|CS|TAMS 0x00000000a8600000, 0x00000000a8600000| Complete 
| 135|0x00000000a8700000, 0x00000000a8800000, 0x00000000a8800000|100%| S|CS|TAMS 0x00000000a8700000, 0x00000000a8700000| Complete 
| 136|0x00000000a8800000, 0x00000000a8900000, 0x00000000a8900000|100%| S|CS|TAMS 0x00000000a8800000, 0x00000000a8800000| Complete 
| 137|0x00000000a8900000, 0x00000000a8a00000, 0x00000000a8a00000|100%| S|CS|TAMS 0x00000000a8900000, 0x00000000a8900000| Complete 
| 138|0x00000000a8a00000, 0x00000000a8a00000, 0x00000000a8b00000|  0%| F|  |TAMS 0x00000000a8a00000, 0x00000000a8a00000| Untracked 
| 139|0x00000000a8b00000, 0x00000000a8b00000, 0x00000000a8c00000|  0%| F|  |TAMS 0x00000000a8b00000, 0x00000000a8b00000| Untracked 
| 140|0x00000000a8c00000, 0x00000000a8c00000, 0x00000000a8d00000|  0%| F|  |TAMS 0x00000000a8c00000, 0x00000000a8c00000| Untracked 
| 141|0x00000000a8d00000, 0x00000000a8d00000, 0x00000000a8e00000|  0%| F|  |TAMS 0x00000000a8d00000, 0x00000000a8d00000| Untracked 
| 142|0x00000000a8e00000, 0x00000000a8e00000, 0x00000000a8f00000|  0%| F|  |TAMS 0x00000000a8e00000, 0x00000000a8e00000| Untracked 
| 143|0x00000000a8f00000, 0x00000000a8f00000, 0x00000000a9000000|  0%| F|  |TAMS 0x00000000a8f00000, 0x00000000a8f00000| Untracked 
| 144|0x00000000a9000000, 0x00000000a9000000, 0x00000000a9100000|  0%| F|  |TAMS 0x00000000a9000000, 0x00000000a9000000| Untracked 
| 145|0x00000000a9100000, 0x00000000a9100000, 0x00000000a9200000|  0%| F|  |TAMS 0x00000000a9100000, 0x00000000a9100000| Untracked 
| 146|0x00000000a9200000, 0x00000000a9200000, 0x00000000a9300000|  0%| F|  |TAMS 0x00000000a9200000, 0x00000000a9200000| Untracked 
| 147|0x00000000a9300000, 0x00000000a9400000, 0x00000000a9400000|100%| S|CS|TAMS 0x00000000a9300000, 0x00000000a9300000| Complete 
| 148|0x00000000a9400000, 0x00000000a9500000, 0x00000000a9500000|100%| S|CS|TAMS 0x00000000a9400000, 0x00000000a9400000| Complete 
| 149|0x00000000a9500000, 0x00000000a9500000, 0x00000000a9600000|  0%| F|  |TAMS 0x00000000a9500000, 0x00000000a9500000| Untracked 
| 150|0x00000000a9600000, 0x00000000a9600000, 0x00000000a9700000|  0%| F|  |TAMS 0x00000000a9600000, 0x00000000a9600000| Untracked 
| 151|0x00000000a9700000, 0x00000000a9700000, 0x00000000a9800000|  0%| F|  |TAMS 0x00000000a9700000, 0x00000000a9700000| Untracked 
| 152|0x00000000a9800000, 0x00000000a9800000, 0x00000000a9900000|  0%| F|  |TAMS 0x00000000a9800000, 0x00000000a9800000| Untracked 
| 153|0x00000000a9900000, 0x00000000a9900000, 0x00000000a9a00000|  0%| F|  |TAMS 0x00000000a9900000, 0x00000000a9900000| Untracked 
| 154|0x00000000a9a00000, 0x00000000a9a00000, 0x00000000a9b00000|  0%| F|  |TAMS 0x00000000a9a00000, 0x00000000a9a00000| Untracked 
| 155|0x00000000a9b00000, 0x00000000a9b00000, 0x00000000a9c00000|  0%| F|  |TAMS 0x00000000a9b00000, 0x00000000a9b00000| Untracked 
| 156|0x00000000a9c00000, 0x00000000a9c00000, 0x00000000a9d00000|  0%| F|  |TAMS 0x00000000a9c00000, 0x00000000a9c00000| Untracked 
| 157|0x00000000a9d00000, 0x00000000a9d00000, 0x00000000a9e00000|  0%| F|  |TAMS 0x00000000a9d00000, 0x00000000a9d00000| Untracked 
| 158|0x00000000a9e00000, 0x00000000a9e00000, 0x00000000a9f00000|  0%| F|  |TAMS 0x00000000a9e00000, 0x00000000a9e00000| Untracked 
| 159|0x00000000a9f00000, 0x00000000a9f00000, 0x00000000aa000000|  0%| F|  |TAMS 0x00000000a9f00000, 0x00000000a9f00000| Untracked 
| 160|0x00000000aa000000, 0x00000000aa000000, 0x00000000aa100000|  0%| F|  |TAMS 0x00000000aa000000, 0x00000000aa000000| Untracked 
| 161|0x00000000aa100000, 0x00000000aa100000, 0x00000000aa200000|  0%| F|  |TAMS 0x00000000aa100000, 0x00000000aa100000| Untracked 
| 162|0x00000000aa200000, 0x00000000aa200000, 0x00000000aa300000|  0%| F|  |TAMS 0x00000000aa200000, 0x00000000aa200000| Untracked 
| 163|0x00000000aa300000, 0x00000000aa300000, 0x00000000aa400000|  0%| F|  |TAMS 0x00000000aa300000, 0x00000000aa300000| Untracked 
| 164|0x00000000aa400000, 0x00000000aa400000, 0x00000000aa500000|  0%| F|  |TAMS 0x00000000aa400000, 0x00000000aa400000| Untracked 
| 165|0x00000000aa500000, 0x00000000aa500000, 0x00000000aa600000|  0%| F|  |TAMS 0x00000000aa500000, 0x00000000aa500000| Untracked 
| 166|0x00000000aa600000, 0x00000000aa600000, 0x00000000aa700000|  0%| F|  |TAMS 0x00000000aa600000, 0x00000000aa600000| Untracked 
| 167|0x00000000aa700000, 0x00000000aa700000, 0x00000000aa800000|  0%| F|  |TAMS 0x00000000aa700000, 0x00000000aa700000| Untracked 
| 168|0x00000000aa800000, 0x00000000aa800000, 0x00000000aa900000|  0%| F|  |TAMS 0x00000000aa800000, 0x00000000aa800000| Untracked 
| 169|0x00000000aa900000, 0x00000000aa900000, 0x00000000aaa00000|  0%| F|  |TAMS 0x00000000aa900000, 0x00000000aa900000| Untracked 
| 170|0x00000000aaa00000, 0x00000000aaa00000, 0x00000000aab00000|  0%| F|  |TAMS 0x00000000aaa00000, 0x00000000aaa00000| Untracked 
| 171|0x00000000aab00000, 0x00000000aab00000, 0x00000000aac00000|  0%| F|  |TAMS 0x00000000aab00000, 0x00000000aab00000| Untracked 
| 172|0x00000000aac00000, 0x00000000aac00000, 0x00000000aad00000|  0%| F|  |TAMS 0x00000000aac00000, 0x00000000aac00000| Untracked 
| 173|0x00000000aad00000, 0x00000000aad00000, 0x00000000aae00000|  0%| F|  |TAMS 0x00000000aad00000, 0x00000000aad00000| Untracked 
| 174|0x00000000aae00000, 0x00000000aae00000, 0x00000000aaf00000|  0%| F|  |TAMS 0x00000000aae00000, 0x00000000aae00000| Untracked 
| 175|0x00000000aaf00000, 0x00000000aaf00000, 0x00000000ab000000|  0%| F|  |TAMS 0x00000000aaf00000, 0x00000000aaf00000| Untracked 
| 176|0x00000000ab000000, 0x00000000ab000000, 0x00000000ab100000|  0%| F|  |TAMS 0x00000000ab000000, 0x00000000ab000000| Untracked 
| 177|0x00000000ab100000, 0x00000000ab100000, 0x00000000ab200000|  0%| F|  |TAMS 0x00000000ab100000, 0x00000000ab100000| Untracked 
| 178|0x00000000ab200000, 0x00000000ab200000, 0x00000000ab300000|  0%| F|  |TAMS 0x00000000ab200000, 0x00000000ab200000| Untracked 
| 179|0x00000000ab300000, 0x00000000ab300000, 0x00000000ab400000|  0%| F|  |TAMS 0x00000000ab300000, 0x00000000ab300000| Untracked 
| 180|0x00000000ab400000, 0x00000000ab400000, 0x00000000ab500000|  0%| F|  |TAMS 0x00000000ab400000, 0x00000000ab400000| Untracked 
| 181|0x00000000ab500000, 0x00000000ab500000, 0x00000000ab600000|  0%| F|  |TAMS 0x00000000ab500000, 0x00000000ab500000| Untracked 
| 182|0x00000000ab600000, 0x00000000ab600000, 0x00000000ab700000|  0%| F|  |TAMS 0x00000000ab600000, 0x00000000ab600000| Untracked 
| 183|0x00000000ab700000, 0x00000000ab700000, 0x00000000ab800000|  0%| F|  |TAMS 0x00000000ab700000, 0x00000000ab700000| Untracked 
| 184|0x00000000ab800000, 0x00000000ab800000, 0x00000000ab900000|  0%| F|  |TAMS 0x00000000ab800000, 0x00000000ab800000| Untracked 
| 185|0x00000000ab900000, 0x00000000ab900000, 0x00000000aba00000|  0%| F|  |TAMS 0x00000000ab900000, 0x00000000ab900000| Untracked 
| 186|0x00000000aba00000, 0x00000000aba00000, 0x00000000abb00000|  0%| F|  |TAMS 0x00000000aba00000, 0x00000000aba00000| Untracked 
| 187|0x00000000abb00000, 0x00000000abb00000, 0x00000000abc00000|  0%| F|  |TAMS 0x00000000abb00000, 0x00000000abb00000| Untracked 
| 188|0x00000000abc00000, 0x00000000abc00000, 0x00000000abd00000|  0%| F|  |TAMS 0x00000000abc00000, 0x00000000abc00000| Untracked 
| 189|0x00000000abd00000, 0x00000000abd00000, 0x00000000abe00000|  0%| F|  |TAMS 0x00000000abd00000, 0x00000000abd00000| Untracked 
| 190|0x00000000abe00000, 0x00000000abe00000, 0x00000000abf00000|  0%| F|  |TAMS 0x00000000abe00000, 0x00000000abe00000| Untracked 
| 191|0x00000000abf00000, 0x00000000abf00000, 0x00000000ac000000|  0%| F|  |TAMS 0x00000000abf00000, 0x00000000abf00000| Untracked 
| 192|0x00000000ac000000, 0x00000000ac000000, 0x00000000ac100000|  0%| F|  |TAMS 0x00000000ac000000, 0x00000000ac000000| Untracked 
| 193|0x00000000ac100000, 0x00000000ac100000, 0x00000000ac200000|  0%| F|  |TAMS 0x00000000ac100000, 0x00000000ac100000| Untracked 
| 194|0x00000000ac200000, 0x00000000ac200000, 0x00000000ac300000|  0%| F|  |TAMS 0x00000000ac200000, 0x00000000ac200000| Untracked 
| 195|0x00000000ac300000, 0x00000000ac300000, 0x00000000ac400000|  0%| F|  |TAMS 0x00000000ac300000, 0x00000000ac300000| Untracked 
| 196|0x00000000ac400000, 0x00000000ac400000, 0x00000000ac500000|  0%| F|  |TAMS 0x00000000ac400000, 0x00000000ac400000| Untracked 
| 197|0x00000000ac500000, 0x00000000ac500000, 0x00000000ac600000|  0%| F|  |TAMS 0x00000000ac500000, 0x00000000ac500000| Untracked 
| 198|0x00000000ac600000, 0x00000000ac600000, 0x00000000ac700000|  0%| F|  |TAMS 0x00000000ac600000, 0x00000000ac600000| Untracked 
| 199|0x00000000ac700000, 0x00000000ac700000, 0x00000000ac800000|  0%| F|  |TAMS 0x00000000ac700000, 0x00000000ac700000| Untracked 
| 200|0x00000000ac800000, 0x00000000ac800000, 0x00000000ac900000|  0%| F|  |TAMS 0x00000000ac800000, 0x00000000ac800000| Untracked 
| 201|0x00000000ac900000, 0x00000000ac900000, 0x00000000aca00000|  0%| F|  |TAMS 0x00000000ac900000, 0x00000000ac900000| Untracked 
| 202|0x00000000aca00000, 0x00000000aca00000, 0x00000000acb00000|  0%| F|  |TAMS 0x00000000aca00000, 0x00000000aca00000| Untracked 
| 203|0x00000000acb00000, 0x00000000acb00000, 0x00000000acc00000|  0%| F|  |TAMS 0x00000000acb00000, 0x00000000acb00000| Untracked 
| 204|0x00000000acc00000, 0x00000000acc00000, 0x00000000acd00000|  0%| F|  |TAMS 0x00000000acc00000, 0x00000000acc00000| Untracked 
| 205|0x00000000acd00000, 0x00000000acd00000, 0x00000000ace00000|  0%| F|  |TAMS 0x00000000acd00000, 0x00000000acd00000| Untracked 
| 206|0x00000000ace00000, 0x00000000ace00000, 0x00000000acf00000|  0%| F|  |TAMS 0x00000000ace00000, 0x00000000ace00000| Untracked 
| 207|0x00000000acf00000, 0x00000000acf00000, 0x00000000ad000000|  0%| F|  |TAMS 0x00000000acf00000, 0x00000000acf00000| Untracked 
| 208|0x00000000ad000000, 0x00000000ad000000, 0x00000000ad100000|  0%| F|  |TAMS 0x00000000ad000000, 0x00000000ad000000| Untracked 
| 209|0x00000000ad100000, 0x00000000ad100000, 0x00000000ad200000|  0%| F|  |TAMS 0x00000000ad100000, 0x00000000ad100000| Untracked 
| 210|0x00000000ad200000, 0x00000000ad200000, 0x00000000ad300000|  0%| F|  |TAMS 0x00000000ad200000, 0x00000000ad200000| Untracked 
| 211|0x00000000ad300000, 0x00000000ad300000, 0x00000000ad400000|  0%| F|  |TAMS 0x00000000ad300000, 0x00000000ad300000| Untracked 
| 212|0x00000000ad400000, 0x00000000ad400000, 0x00000000ad500000|  0%| F|  |TAMS 0x00000000ad400000, 0x00000000ad400000| Untracked 
| 213|0x00000000ad500000, 0x00000000ad500000, 0x00000000ad600000|  0%| F|  |TAMS 0x00000000ad500000, 0x00000000ad500000| Untracked 
| 214|0x00000000ad600000, 0x00000000ad600000, 0x00000000ad700000|  0%| F|  |TAMS 0x00000000ad600000, 0x00000000ad600000| Untracked 
| 215|0x00000000ad700000, 0x00000000ad700000, 0x00000000ad800000|  0%| F|  |TAMS 0x00000000ad700000, 0x00000000ad700000| Untracked 
| 216|0x00000000ad800000, 0x00000000ad800000, 0x00000000ad900000|  0%| F|  |TAMS 0x00000000ad800000, 0x00000000ad800000| Untracked 
| 217|0x00000000ad900000, 0x00000000ad900000, 0x00000000ada00000|  0%| F|  |TAMS 0x00000000ad900000, 0x00000000ad900000| Untracked 
| 218|0x00000000ada00000, 0x00000000ada00000, 0x00000000adb00000|  0%| F|  |TAMS 0x00000000ada00000, 0x00000000ada00000| Untracked 
| 219|0x00000000adb00000, 0x00000000adb00000, 0x00000000adc00000|  0%| F|  |TAMS 0x00000000adb00000, 0x00000000adb00000| Untracked 
| 220|0x00000000adc00000, 0x00000000adc00000, 0x00000000add00000|  0%| F|  |TAMS 0x00000000adc00000, 0x00000000adc00000| Untracked 
| 221|0x00000000add00000, 0x00000000add00000, 0x00000000ade00000|  0%| F|  |TAMS 0x00000000add00000, 0x00000000add00000| Untracked 
| 222|0x00000000ade00000, 0x00000000ade00000, 0x00000000adf00000|  0%| F|  |TAMS 0x00000000ade00000, 0x00000000ade00000| Untracked 
| 223|0x00000000adf00000, 0x00000000adf00000, 0x00000000ae000000|  0%| F|  |TAMS 0x00000000adf00000, 0x00000000adf00000| Untracked 
| 224|0x00000000ae000000, 0x00000000ae000000, 0x00000000ae100000|  0%| F|  |TAMS 0x00000000ae000000, 0x00000000ae000000| Untracked 
| 225|0x00000000ae100000, 0x00000000ae100000, 0x00000000ae200000|  0%| F|  |TAMS 0x00000000ae100000, 0x00000000ae100000| Untracked 
| 226|0x00000000ae200000, 0x00000000ae200000, 0x00000000ae300000|  0%| F|  |TAMS 0x00000000ae200000, 0x00000000ae200000| Untracked 
| 227|0x00000000ae300000, 0x00000000ae300000, 0x00000000ae400000|  0%| F|  |TAMS 0x00000000ae300000, 0x00000000ae300000| Untracked 
| 228|0x00000000ae400000, 0x00000000ae400000, 0x00000000ae500000|  0%| F|  |TAMS 0x00000000ae400000, 0x00000000ae400000| Untracked 
| 229|0x00000000ae500000, 0x00000000ae500000, 0x00000000ae600000|  0%| F|  |TAMS 0x00000000ae500000, 0x00000000ae500000| Untracked 
| 230|0x00000000ae600000, 0x00000000ae600000, 0x00000000ae700000|  0%| F|  |TAMS 0x00000000ae600000, 0x00000000ae600000| Untracked 
| 231|0x00000000ae700000, 0x00000000ae700000, 0x00000000ae800000|  0%| F|  |TAMS 0x00000000ae700000, 0x00000000ae700000| Untracked 
| 232|0x00000000ae800000, 0x00000000ae800000, 0x00000000ae900000|  0%| F|  |TAMS 0x00000000ae800000, 0x00000000ae800000| Untracked 
| 233|0x00000000ae900000, 0x00000000ae900000, 0x00000000aea00000|  0%| F|  |TAMS 0x00000000ae900000, 0x00000000ae900000| Untracked 
| 234|0x00000000aea00000, 0x00000000aea00000, 0x00000000aeb00000|  0%| F|  |TAMS 0x00000000aea00000, 0x00000000aea00000| Untracked 
| 235|0x00000000aeb00000, 0x00000000aeb00000, 0x00000000aec00000|  0%| F|  |TAMS 0x00000000aeb00000, 0x00000000aeb00000| Untracked 
| 236|0x00000000aec00000, 0x00000000aec00000, 0x00000000aed00000|  0%| F|  |TAMS 0x00000000aec00000, 0x00000000aec00000| Untracked 
| 237|0x00000000aed00000, 0x00000000aed00000, 0x00000000aee00000|  0%| F|  |TAMS 0x00000000aed00000, 0x00000000aed00000| Untracked 
| 238|0x00000000aee00000, 0x00000000aee00000, 0x00000000aef00000|  0%| F|  |TAMS 0x00000000aee00000, 0x00000000aee00000| Untracked 
| 239|0x00000000aef00000, 0x00000000aef00000, 0x00000000af000000|  0%| F|  |TAMS 0x00000000aef00000, 0x00000000aef00000| Untracked 
| 240|0x00000000af000000, 0x00000000af000000, 0x00000000af100000|  0%| F|  |TAMS 0x00000000af000000, 0x00000000af000000| Untracked 
| 241|0x00000000af100000, 0x00000000af100000, 0x00000000af200000|  0%| F|  |TAMS 0x00000000af100000, 0x00000000af100000| Untracked 
| 242|0x00000000af200000, 0x00000000af200000, 0x00000000af300000|  0%| F|  |TAMS 0x00000000af200000, 0x00000000af200000| Untracked 
| 243|0x00000000af300000, 0x00000000af300000, 0x00000000af400000|  0%| F|  |TAMS 0x00000000af300000, 0x00000000af300000| Untracked 
| 244|0x00000000af400000, 0x00000000af400000, 0x00000000af500000|  0%| F|  |TAMS 0x00000000af400000, 0x00000000af400000| Untracked 
| 245|0x00000000af500000, 0x00000000af500000, 0x00000000af600000|  0%| F|  |TAMS 0x00000000af500000, 0x00000000af500000| Untracked 
| 246|0x00000000af600000, 0x00000000af600000, 0x00000000af700000|  0%| F|  |TAMS 0x00000000af600000, 0x00000000af600000| Untracked 
| 247|0x00000000af700000, 0x00000000af700000, 0x00000000af800000|  0%| F|  |TAMS 0x00000000af700000, 0x00000000af700000| Untracked 
| 248|0x00000000af800000, 0x00000000af800000, 0x00000000af900000|  0%| F|  |TAMS 0x00000000af800000, 0x00000000af800000| Untracked 
| 249|0x00000000af900000, 0x00000000af900000, 0x00000000afa00000|  0%| F|  |TAMS 0x00000000af900000, 0x00000000af900000| Untracked 
| 250|0x00000000afa00000, 0x00000000afa00000, 0x00000000afb00000|  0%| F|  |TAMS 0x00000000afa00000, 0x00000000afa00000| Untracked 
| 251|0x00000000afb00000, 0x00000000afb00000, 0x00000000afc00000|  0%| F|  |TAMS 0x00000000afb00000, 0x00000000afb00000| Untracked 
| 252|0x00000000afc00000, 0x00000000afc00000, 0x00000000afd00000|  0%| F|  |TAMS 0x00000000afc00000, 0x00000000afc00000| Untracked 
| 253|0x00000000afd00000, 0x00000000afd00000, 0x00000000afe00000|  0%| F|  |TAMS 0x00000000afd00000, 0x00000000afd00000| Untracked 
| 254|0x00000000afe00000, 0x00000000afef8200, 0x00000000aff00000| 96%| E|  |TAMS 0x00000000afe00000, 0x00000000afe00000| Complete 
| 255|0x00000000aff00000, 0x00000000b0000000, 0x00000000b0000000|100%| E|CS|TAMS 0x00000000aff00000, 0x00000000aff00000| Complete 

Card table byte_map: [0x000001e4a5540000,0x000001e4a5840000] _byte_map_base: 0x000001e4a5040000

Marking Bits (Prev, Next): (CMBitMap*) 0x000001e492147180, (CMBitMap*) 0x000001e492147148
 Prev Bits: [0x000001e4a7340000, 0x000001e4a8b40000)
 Next Bits: [0x000001e4a5b40000, 0x000001e4a7340000)

Polling page: 0x000001e492010000

Metaspace:

Usage:
  Non-class:     74.61 MB capacity,    73.04 MB ( 98%) used,     1.33 MB (  2%) free+waste,   242.19 KB ( <1%) overhead. 
      Class:     12.02 MB capacity,    11.12 MB ( 93%) used,   806.38 KB (  7%) free+waste,   113.69 KB ( <1%) overhead. 
       Both:     86.63 MB capacity,    84.16 MB ( 97%) used,     2.12 MB (  2%) free+waste,   355.88 KB ( <1%) overhead. 

Virtual space:
  Non-class space:       76.00 MB reserved,      74.62 MB ( 98%) committed 
      Class space:        1.00 GB reserved,      12.13 MB (  1%) committed 
             Both:        1.07 GB reserved,      86.75 MB (  8%) committed 

Chunk freelists:
   Non-Class:  15.00 KB
       Class:  0 bytes
        Both:  15.00 KB

MaxMetaspaceSize: 17179869184.00 GB
CompressedClassSpaceSize: 1.00 GB
Initial GC threshold: 20.80 MB
Current GC threshold: 97.91 MB
CDS: off

CodeHeap 'non-profiled nmethods': size=120064Kb used=6305Kb max_used=6305Kb free=113758Kb
 bounds [0x000001e49d6e0000, 0x000001e49dd10000, 0x000001e4a4c20000]
CodeHeap 'profiled nmethods': size=120000Kb used=20342Kb max_used=20342Kb free=99657Kb
 bounds [0x000001e4961b0000, 0x000001e497590000, 0x000001e49d6e0000]
CodeHeap 'non-nmethods': size=5696Kb used=2382Kb max_used=2430Kb free=3313Kb
 bounds [0x000001e495c20000, 0x000001e495e90000, 0x000001e4961b0000]
 total_blobs=10096 nmethods=9208 adapters=800
 compilation: enabled
              stopped_count=0, restarted_count=0
 full_count=0

Compilation events (20 events):
Event: 133.532 Thread 0x000001e4aba74000 nmethod 9221 0x000001e49dd07510 code [0x000001e49dd076c0, 0x000001e49dd07778]
Event: 133.532 Thread 0x000001e4aba74000 9222       1       com.sun.management.internal.PlatformMBeanProviderImpl$4::mbeanInterfaceNames (5 bytes)
Event: 133.532 Thread 0x000001e4aba74000 nmethod 9222 0x000001e49dd07810 code [0x000001e49dd079c0, 0x000001e49dd07a78]
Event: 134.430 Thread 0x000001e4aba74000 9223       3       java.util.concurrent.ScheduledThreadPoolExecutor$ScheduledFutureTask::getDelay (16 bytes)
Event: 134.430 Thread 0x000001e4aba74000 nmethod 9223 0x000001e49758a510 code [0x000001e49758a6e0, 0x000001e49758a868]
Event: 134.511 Thread 0x000001e4aba74000 9224       3       java.lang.management.ManagementFactory$PlatformMBeanFinder::getMap (4 bytes)
Event: 134.512 Thread 0x000001e4aba74000 nmethod 9224 0x000001e49758a910 code [0x000001e49758aac0, 0x000001e49758abb8]
Event: 136.759 Thread 0x000001e4aba74000 9225   !   3       java.util.concurrent.LinkedBlockingDeque$AbstractItr::next (100 bytes)
Event: 136.760 Thread 0x000001e4aba74000 nmethod 9225 0x000001e49758ac10 code [0x000001e49758aec0, 0x000001e49758bcd8]
Event: 136.760 Thread 0x000001e4aba74000 9226       3       java.util.concurrent.LinkedBlockingDeque$Itr::nextNode (5 bytes)
Event: 136.760 Thread 0x000001e4aba74000 nmethod 9226 0x000001e49758c210 code [0x000001e49758c3c0, 0x000001e49758c4b8]
Event: 136.867 Thread 0x000001e4aba74000 9227       1       org.gradle.launcher.daemon.server.expiry.DaemonExpirationResult::getStatus (5 bytes)
Event: 136.868 Thread 0x000001e4aba74000 nmethod 9227 0x000001e49dd07b10 code [0x000001e49dd07cc0, 0x000001e49dd07d78]
Event: 136.913 Thread 0x000001e4aba74000 9228  s    3       java.io.FileDescriptor::attach (73 bytes)
Event: 136.914 Thread 0x000001e4aba74000 nmethod 9228 0x000001e49758c590 code [0x000001e49758c800, 0x000001e49758d578]
Event: 137.524 Thread 0x000001e4aba73000 9229       4       java.util.HashMap::<init> (8 bytes)
Event: 137.525 Thread 0x000001e4aba73000 nmethod 9229 0x000001e49dd07e10 code [0x000001e49dd07fa0, 0x000001e49dd08058]
Event: 141.523 Thread 0x000001e4aba74000 9230       1       org.gradle.launcher.daemon.server.health.gc.GarbageCollectionEvent::getCount (5 bytes)
Event: 141.523 Thread 0x000001e4aba74000 nmethod 9230 0x000001e49dd08190 code [0x000001e49dd08340, 0x000001e49dd083f8]
Event: 143.657 Thread 0x000001e4aba73000 9231   !   4       java.util.concurrent.locks.AbstractQueuedSynchronizer::acquireQueued (74 bytes)

GC Heap History (20 events):
Event: 18.899 GC heap before
{Heap before GC invocations=4 (full 0):
 garbage-first heap   total 262144K, used 39700K [0x00000000a0000000, 0x0000000100000000)
  region size 1024K, 30 young (30720K), 6 survivors (6144K)
 Metaspace       used 20658K, capacity 21100K, committed 21296K, reserved 1069056K
  class space    used 2516K, capacity 2660K, committed 2688K, reserved 1048576K
}
Event: 18.908 GC heap after
{Heap after GC invocations=5 (full 0):
 garbage-first heap   total 262144K, used 17081K [0x00000000a0000000, 0x0000000100000000)
  region size 1024K, 7 young (7168K), 7 survivors (7168K)
 Metaspace       used 20658K, capacity 21100K, committed 21296K, reserved 1069056K
  class space    used 2516K, capacity 2660K, committed 2688K, reserved 1048576K
}
Event: 21.299 GC heap before
{Heap before GC invocations=6 (full 0):
 garbage-first heap   total 262144K, used 74425K [0x00000000a0000000, 0x0000000100000000)
  region size 1024K, 63 young (64512K), 7 survivors (7168K)
 Metaspace       used 26718K, capacity 27252K, committed 27440K, reserved 1073152K
  class space    used 3472K, capacity 3674K, committed 3712K, reserved 1048576K
}
Event: 21.311 GC heap after
{Heap after GC invocations=7 (full 0):
 garbage-first heap   total 262144K, used 19549K [0x00000000a0000000, 0x0000000100000000)
  region size 1024K, 4 young (4096K), 4 survivors (4096K)
 Metaspace       used 26718K, capacity 27252K, committed 27440K, reserved 1073152K
  class space    used 3472K, capacity 3674K, committed 3712K, reserved 1048576K
}
Event: 25.682 GC heap before
{Heap before GC invocations=7 (full 0):
 garbage-first heap   total 262144K, used 73821K [0x00000000a0000000, 0x0000000100000000)
  region size 1024K, 58 young (59392K), 4 survivors (4096K)
 Metaspace       used 34869K, capacity 35585K, committed 35708K, reserved 1081344K
  class space    used 4502K, capacity 4814K, committed 4864K, reserved 1048576K
}
Event: 25.692 GC heap after
{Heap after GC invocations=8 (full 0):
 garbage-first heap   total 262144K, used 22401K [0x00000000a0000000, 0x0000000100000000)
  region size 1024K, 6 young (6144K), 6 survivors (6144K)
 Metaspace       used 34869K, capacity 35585K, committed 35708K, reserved 1081344K
  class space    used 4502K, capacity 4814K, committed 4864K, reserved 1048576K
}
Event: 31.432 GC heap before
{Heap before GC invocations=9 (full 0):
 garbage-first heap   total 262144K, used 117633K [0x00000000a0000000, 0x0000000100000000)
  region size 1024K, 97 young (99328K), 6 survivors (6144K)
 Metaspace       used 42771K, capacity 43708K, committed 43900K, reserved 1087488K
  class space    used 5509K, capacity 5852K, committed 5888K, reserved 1048576K
}
Event: 31.452 GC heap after
{Heap after GC invocations=10 (full 0):
 garbage-first heap   total 262144K, used 29016K [0x00000000a0000000, 0x0000000100000000)
  region size 1024K, 13 young (13312K), 13 survivors (13312K)
 Metaspace       used 42771K, capacity 43708K, committed 43900K, reserved 1087488K
  class space    used 5509K, capacity 5852K, committed 5888K, reserved 1048576K
}
Event: 46.610 GC heap before
{Heap before GC invocations=10 (full 0):
 garbage-first heap   total 262144K, used 154968K [0x00000000a0000000, 0x0000000100000000)
  region size 1024K, 127 young (130048K), 13 survivors (13312K)
 Metaspace       used 49160K, capacity 50458K, committed 50684K, reserved 1093632K
  class space    used 6252K, capacity 6726K, committed 6784K, reserved 1048576K
}
Event: 46.640 GC heap after
{Heap after GC invocations=11 (full 0):
 garbage-first heap   total 262144K, used 49307K [0x00000000a0000000, 0x0000000100000000)
  region size 1024K, 16 young (16384K), 16 survivors (16384K)
 Metaspace       used 49160K, capacity 50458K, committed 50684K, reserved 1093632K
  class space    used 6252K, capacity 6726K, committed 6784K, reserved 1048576K
}
Event: 49.554 GC heap before
{Heap before GC invocations=11 (full 0):
 garbage-first heap   total 262144K, used 119963K [0x00000000a0000000, 0x0000000100000000)
  region size 1024K, 86 young (88064K), 16 survivors (16384K)
 Metaspace       used 58273K, capacity 59772K, committed 59900K, reserved 1101824K
  class space    used 7410K, capacity 7974K, committed 8064K, reserved 1048576K
}
Event: 49.584 GC heap after
{Heap after GC invocations=12 (full 0):
 garbage-first heap   total 262144K, used 53523K [0x00000000a0000000, 0x0000000100000000)
  region size 1024K, 4 young (4096K), 4 survivors (4096K)
 Metaspace       used 58273K, capacity 59772K, committed 59900K, reserved 1101824K
  class space    used 7410K, capacity 7974K, committed 8064K, reserved 1048576K
}
Event: 54.013 GC heap before
{Heap before GC invocations=13 (full 0):
 garbage-first heap   total 262144K, used 163091K [0x00000000a0000000, 0x0000000100000000)
  region size 1024K, 111 young (113664K), 4 survivors (4096K)
 Metaspace       used 67022K, capacity 68759K, committed 68988K, reserved 1110016K
  class space    used 8504K, capacity 9102K, committed 9216K, reserved 1048576K
}
Event: 54.030 GC heap after
{Heap after GC invocations=14 (full 0):
 garbage-first heap   total 262144K, used 59669K [0x00000000a0000000, 0x0000000100000000)
  region size 1024K, 10 young (10240K), 10 survivors (10240K)
 Metaspace       used 67022K, capacity 68759K, committed 68988K, reserved 1110016K
  class space    used 8504K, capacity 9102K, committed 9216K, reserved 1048576K
}
Event: 60.461 GC heap before
{Heap before GC invocations=14 (full 0):
 garbage-first heap   total 262144K, used 176405K [0x00000000a0000000, 0x0000000100000000)
  region size 1024K, 121 young (123904K), 10 survivors (10240K)
 Metaspace       used 69083K, capacity 71061K, committed 71292K, reserved 1112064K
  class space    used 8769K, capacity 9456K, committed 9472K, reserved 1048576K
}
Event: 60.485 GC heap after
{Heap after GC invocations=15 (full 0):
 garbage-first heap   total 262144K, used 72516K [0x00000000a0000000, 0x0000000100000000)
  region size 1024K, 16 young (16384K), 16 survivors (16384K)
 Metaspace       used 69083K, capacity 71061K, committed 71292K, reserved 1112064K
  class space    used 8769K, capacity 9456K, committed 9472K, reserved 1048576K
}
Event: 64.697 GC heap before
{Heap before GC invocations=15 (full 0):
 garbage-first heap   total 262144K, used 184132K [0x00000000a0000000, 0x0000000100000000)
  region size 1024K, 125 young (128000K), 16 survivors (16384K)
 Metaspace       used 76629K, capacity 78844K, committed 79100K, reserved 1118208K
  class space    used 10003K, capacity 10820K, committed 10880K, reserved 1048576K
}
Event: 64.740 GC heap after
{Heap after GC invocations=16 (full 0):
 garbage-first heap   total 262144K, used 81238K [0x00000000a0000000, 0x0000000100000000)
  region size 1024K, 9 young (9216K), 9 survivors (9216K)
 Metaspace       used 76629K, capacity 78844K, committed 79100K, reserved 1118208K
  class space    used 10003K, capacity 10820K, committed 10880K, reserved 1048576K
}
Event: 70.560 GC heap before
{Heap before GC invocations=16 (full 0):
 garbage-first heap   total 262144K, used 190806K [0x00000000a0000000, 0x0000000100000000)
  region size 1024K, 116 young (118784K), 9 survivors (9216K)
 Metaspace       used 86140K, capacity 88556K, committed 88828K, reserved 1126400K
  class space    used 11387K, capacity 12306K, committed 12416K, reserved 1048576K
}
Event: 70.586 GC heap after
{Heap after GC invocations=17 (full 0):
 garbage-first heap   total 262144K, used 90112K [0x00000000a0000000, 0x0000000100000000)
  region size 1024K, 8 young (8192K), 8 survivors (8192K)
 Metaspace       used 86140K, capacity 88556K, committed 88828K, reserved 1126400K
  class space    used 11387K, capacity 12306K, committed 12416K, reserved 1048576K
}

Deoptimization events (20 events):
Event: 69.853 Thread 0x000001e4afa56800 Uncommon trap: trap_request=0xffffffc6 fr.pc=0x000001e49dca4488 relative=0x0000000000000128
Event: 69.853 Thread 0x000001e4afa56800 Uncommon trap: reason=bimorphic_or_optimized_type_check action=maybe_recompile pc=0x000001e49dca4488 method=com.google.common.collect.ImmutableList$1.get(I)Ljava/lang/Object; @ 5 c2
Event: 69.853 Thread 0x000001e4afa56800 DEOPT PACKING pc=0x000001e49dca4488 sp=0x000000b5a8bfc140
Event: 69.853 Thread 0x000001e4afa56800 DEOPT UNPACKING pc=0x000001e495c285af sp=0x000000b5a8bfc0c8 mode 2
Event: 69.857 Thread 0x000001e4afa56800 Uncommon trap: trap_request=0xffffff4d fr.pc=0x000001e49d9c7958 relative=0x0000000000000198
Event: 69.857 Thread 0x000001e4afa56800 Uncommon trap: reason=unstable_if action=reinterpret pc=0x000001e49d9c7958 method=org.gradle.internal.snapshot.PathUtil.equalChars(CCLorg/gradle/internal/snapshot/CaseSensitivity;)Z @ 11 c2
Event: 69.857 Thread 0x000001e4afa56800 DEOPT PACKING pc=0x000001e49d9c7958 sp=0x000000b5a8bfa690
Event: 69.857 Thread 0x000001e4afa56800 DEOPT UNPACKING pc=0x000001e495c285af sp=0x000000b5a8bfa628 mode 2
Event: 71.291 Thread 0x000001e4abb9e000 Uncommon trap: trap_request=0xffffffde fr.pc=0x000001e49dcc7380 relative=0x0000000000000620
Event: 71.291 Thread 0x000001e4abb9e000 Uncommon trap: reason=class_check action=maybe_recompile pc=0x000001e49dcc7380 method=java.util.HashMap.removeNode(ILjava/lang/Object;Ljava/lang/Object;ZZ)Ljava/util/HashMap$Node; @ 143 c2
Event: 71.291 Thread 0x000001e4abb9e000 DEOPT PACKING pc=0x000001e49dcc7380 sp=0x000000b5a56fec50
Event: 71.291 Thread 0x000001e4abb9e000 DEOPT UNPACKING pc=0x000001e495c285af sp=0x000000b5a56feb78 mode 2
Event: 76.907 Thread 0x000001e4ae3f7800 Uncommon trap: trap_request=0xffffff4d fr.pc=0x000001e49daf9304 relative=0x00000000000006a4
Event: 76.907 Thread 0x000001e4ae3f7800 Uncommon trap: reason=unstable_if action=reinterpret pc=0x000001e49daf9304 method=java.lang.AbstractStringBuilder.append(Ljava/lang/String;)Ljava/lang/AbstractStringBuilder; @ 1 c2
Event: 76.907 Thread 0x000001e4ae3f7800 DEOPT PACKING pc=0x000001e49daf9304 sp=0x000000b5a48fe000
Event: 76.907 Thread 0x000001e4ae3f7800 DEOPT UNPACKING pc=0x000001e495c285af sp=0x000000b5a48fdf80 mode 2
Event: 76.908 Thread 0x000001e4ae3f7800 Uncommon trap: trap_request=0xffffff4d fr.pc=0x000001e49daddd54 relative=0x0000000000000674
Event: 76.908 Thread 0x000001e4ae3f7800 Uncommon trap: reason=unstable_if action=reinterpret pc=0x000001e49daddd54 method=java.lang.AbstractStringBuilder.append(Ljava/lang/String;)Ljava/lang/AbstractStringBuilder; @ 1 c2
Event: 76.908 Thread 0x000001e4ae3f7800 DEOPT PACKING pc=0x000001e49daddd54 sp=0x000000b5a48fdfa0
Event: 76.908 Thread 0x000001e4ae3f7800 DEOPT UNPACKING pc=0x000001e495c285af sp=0x000000b5a48fdf88 mode 2

Classes redefined (0 events):
No events

Internal exceptions (20 events):
Event: 70.003 Thread 0x000001e4afa56800 Exception <a 'java/lang/ClassNotFoundException'{0x00000000a986b278}: org/gradle/process/internal/AbstractExecHandleBuilderBeanInfo> (0x00000000a986b278) thrown at [./src/hotspot/share/classfile/systemDictionary.cpp, line 231]
Event: 70.004 Thread 0x000001e4afa56800 Exception <a 'java/lang/ClassNotFoundException'{0x00000000a989def0}: org/gradle/process/internal/DefaultProcessForkOptionsBeanInfo> (0x00000000a989def0) thrown at [./src/hotspot/share/classfile/systemDictionary.cpp, line 231]
Event: 70.005 Thread 0x000001e4afa56800 Exception <a 'java/lang/ClassNotFoundException'{0x00000000a98d1428}: org/gradle/process/internal/DefaultProcessForkOptionsCustomizer> (0x00000000a98d1428) thrown at [./src/hotspot/share/classfile/systemDictionary.cpp, line 231]
Event: 70.023 Thread 0x000001e4afa56800 Exception <a 'java/lang/ClassNotFoundException'{0x00000000a9711530}: org/gradle/process/internal/AbstractExecHandleBuilderCustomizer> (0x00000000a9711530) thrown at [./src/hotspot/share/classfile/systemDictionary.cpp, line 231]
Event: 70.051 Thread 0x000001e4afa56800 Exception <a 'java/lang/ClassNotFoundException'{0x00000000a97555d0}: org/gradle/process/internal/DefaultExecHandleBuilderCustomizer> (0x00000000a97555d0) thrown at [./src/hotspot/share/classfile/systemDictionary.cpp, line 231]
Event: 70.053 Thread 0x000001e4afa56800 Exception <a 'java/lang/ClassNotFoundException'{0x00000000a97b21a8}: org/gradle/process/internal/DefaultExecActionCustomizer> (0x00000000a97b21a8) thrown at [./src/hotspot/share/classfile/systemDictionary.cpp, line 231]
Event: 70.058 Thread 0x000001e4afa56800 Exception <a 'java/lang/ClassNotFoundException'{0x00000000a97ed438}: org/gradle/process/internal/DefaultExecAction_DecoratedCustomizer> (0x00000000a97ed438) thrown at [./src/hotspot/share/classfile/systemDictionary.cpp, line 231]
Event: 70.063 Thread 0x000001e4afa56800 Exception <a 'java/lang/ClassNotFoundException'{0x00000000a9645ef0}: org/gradle/api/logging/LogLevelBeanInfo> (0x00000000a9645ef0) thrown at [./src/hotspot/share/classfile/systemDictionary.cpp, line 231]
Event: 70.066 Thread 0x000001e4afa56800 Exception <a 'java/lang/ClassNotFoundException'{0x00000000a966f710}: org/gradle/api/logging/LogLevelCustomizer> (0x00000000a966f710) thrown at [./src/hotspot/share/classfile/systemDictionary.cpp, line 231]
Event: 70.093 Thread 0x000001e4afa56800 Exception <a 'java/lang/ClassNotFoundException'{0x00000000a96e1b48}: org/gradle/internal/logging/services/DefaultLoggingManagerBeanInfo> (0x00000000a96e1b48) thrown at [./src/hotspot/share/classfile/systemDictionary.cpp, line 231]
Event: 70.095 Thread 0x000001e4afa56800 Exception <a 'java/lang/ClassNotFoundException'{0x00000000a95152a0}: org/gradle/internal/logging/services/DefaultLoggingManagerCustomizer> (0x00000000a95152a0) thrown at [./src/hotspot/share/classfile/systemDictionary.cpp, line 231]
Event: 70.102 Thread 0x000001e4afa56800 Exception <a 'java/lang/ClassNotFoundException'{0x00000000a954fbd8}: java/lang/BooleanBeanInfo> (0x00000000a954fbd8) thrown at [./src/hotspot/share/classfile/systemDictionary.cpp, line 231]
Event: 70.103 Thread 0x000001e4afa56800 Exception <a 'java/lang/ClassNotFoundException'{0x00000000a955a3d8}: java/lang/BooleanCustomizer> (0x00000000a955a3d8) thrown at [./src/hotspot/share/classfile/systemDictionary.cpp, line 231]
Event: 70.531 Thread 0x000001e4afa62000 Exception <a 'java/lang/NoSuchMethodError'{0x00000000a95d7620}: 'void java.lang.invoke.DirectMethodHandle$Holder.invokeStatic(java.lang.Object, long)'> (0x00000000a95d7620) thrown at [./src/hotspot/share/interpreter/linkResolver.cpp, line 773]
Event: 70.532 Thread 0x000001e4afa62000 Exception <a 'java/lang/NoSuchMethodError'{0x00000000a95dc590}: 'java.lang.Object java.lang.invoke.DirectMethodHandle$Holder.invokeStatic(java.lang.Object, long)'> (0x00000000a95dc590) thrown at [./src/hotspot/share/interpreter/linkResolver.cpp, line 773]
Event: 70.534 Thread 0x000001e4afa62000 Exception <a 'java/lang/NoSuchMethodError'{0x00000000a95ef300}: 'java.lang.Object java.lang.invoke.DirectMethodHandle$Holder.invokeStaticInit(java.lang.Object, java.lang.Object, long, java.lang.Object)'> (0x00000000a95ef300) thrown at [./src/hotspot/share/interpreter/linkResolver.cpp, line 773]
Event: 70.534 Thread 0x000001e4afa62000 Exception <a 'java/lang/NoSuchMethodError'{0x00000000a95f51f0}: 'java.lang.Object java.lang.invoke.DirectMethodHandle$Holder.invokeStatic(java.lang.Object, java.lang.Object, long)'> (0x00000000a95f51f0) thrown at [./src/hotspot/share/interpreter/linkResolver.cpp, line 773]
Event: 70.535 Thread 0x000001e4afa62000 Exception <a 'java/lang/NoSuchMethodError'{0x00000000a95fb4c0}: 'java.lang.Object java.lang.invoke.Invokers$Holder.linkToTargetMethod(java.lang.Object, long, java.lang.Object)'> (0x00000000a95fb4c0) thrown at [./src/hotspot/share/interpreter/linkResolver.cpp, line 773]
Event: 76.907 Thread 0x000001e4ae3f7800 Implicit null exception at 0x000001e49daf8c94 to 0x000001e49daf92ec
Event: 76.908 Thread 0x000001e4ae3f7800 Implicit null exception at 0x000001e49dadd714 to 0x000001e49daddd3c

Events (20 events):
Event: 71.197 Executing VM operation: RevokeBias done
Event: 71.225 Executing VM operation: RevokeBias
Event: 71.226 Executing VM operation: RevokeBias done
Event: 71.226 Executing VM operation: RevokeBias
Event: 71.226 Executing VM operation: RevokeBias done
Event: 71.227 Executing VM operation: RevokeBias
Event: 71.227 Executing VM operation: RevokeBias done
Event: 71.378 Executing VM operation: RevokeBias
Event: 71.378 Executing VM operation: RevokeBias done
Event: 71.411 Executing VM operation: RevokeBias
Event: 71.411 Executing VM operation: RevokeBias done
Event: 71.441 Executing VM operation: RevokeBias
Event: 71.441 Executing VM operation: RevokeBias done
Event: 71.450 Executing VM operation: RevokeBias
Event: 71.451 Executing VM operation: RevokeBias done
Event: 71.451 Executing VM operation: RevokeBias
Event: 71.452 Executing VM operation: RevokeBias done
Event: 131.480 Executing VM operation: RevokeBias
Event: 131.481 Executing VM operation: RevokeBias done
Event: 131.481 Thread 0x000001e4abb9e000 Thread exited: 0x000001e4abb9e000


Dynamic libraries:
0x00007ff7e54a0000 - 0x00007ff7e54aa000 	C:\android-studio-2021.2.1.15-windows\android-studio\jre\bin\java.exe
0x00007ffe867d0000 - 0x00007ffe869c5000 	C:\Windows\SYSTEM32\ntdll.dll
0x00007ffe85030000 - 0x00007ffe850ed000 	C:\Windows\System32\KERNEL32.DLL
0x00007ffe83ff0000 - 0x00007ffe842bd000 	C:\Windows\System32\KERNELBASE.dll
0x00000000533a0000 - 0x0000000053433000 	C:\Windows\System32\SYSFER.DLL
0x00007ffe845a0000 - 0x00007ffe846a0000 	C:\Windows\System32\ucrtbase.dll
0x00007ffe63800000 - 0x00007ffe63819000 	C:\android-studio-2021.2.1.15-windows\android-studio\jre\bin\jli.dll
0x00007ffe5c410000 - 0x00007ffe5c427000 	C:\android-studio-2021.2.1.15-windows\android-studio\jre\bin\VCRUNTIME140.dll
0x00007ffe85620000 - 0x00007ffe857c0000 	C:\Windows\System32\USER32.dll
0x00007ffe83fc0000 - 0x00007ffe83fe2000 	C:\Windows\System32\win32u.dll
0x00007ffe85540000 - 0x00007ffe8556a000 	C:\Windows\System32\GDI32.dll
0x00007ffe846a0000 - 0x00007ffe847ab000 	C:\Windows\System32\gdi32full.dll
0x00007ffe84500000 - 0x00007ffe8459d000 	C:\Windows\System32\msvcp_win.dll
0x00007ffe70590000 - 0x00007ffe7082a000 	C:\Windows\WinSxS\amd64_microsoft.windows.common-controls_6595b64144ccf1df_6.0.19041.1110_none_60b5254171f9507e\COMCTL32.dll
0x00007ffe86460000 - 0x00007ffe864fe000 	C:\Windows\System32\msvcrt.dll
0x00007ffe85500000 - 0x00007ffe85530000 	C:\Windows\System32\IMM32.DLL
0x000001e491fd0000 - 0x000001e491fe4000 	C:\Windows\System32\umppc16012.dll
0x00007ffe83cf0000 - 0x00007ffe83d25000 	C:\Windows\system32\vmwsci.dll
0x00007ffe86560000 - 0x00007ffe86568000 	C:\Windows\System32\PSAPI.DLL
0x00007ffe7df60000 - 0x00007ffe7dffe000 	C:\Windows\system32\ftapihook64.dll
0x00007ffe850f0000 - 0x00007ffe8519e000 	C:\Windows\System32\ADVAPI32.dll
0x00007ffe85460000 - 0x00007ffe854fc000 	C:\Windows\System32\sechost.dll
0x00007ffe84ef0000 - 0x00007ffe85015000 	C:\Windows\System32\RPCRT4.dll
0x00007ffe80410000 - 0x00007ffe804ae000 	C:\Windows\system32\uxtheme.dll
0x00007ffe857c0000 - 0x00007ffe85b14000 	C:\Windows\System32\combase.dll
0x00007ffe7ffa0000 - 0x00007ffe8002b000 	C:\Windows\system32\ftgenstub.dll
0x00007ffe84820000 - 0x00007ffe84c91000 	C:\Windows\System32\setupapi.dll
0x00007ffe844b0000 - 0x00007ffe844fe000 	C:\Windows\System32\cfgmgr32.dll
0x00007ffe83f90000 - 0x00007ffe83fb7000 	C:\Windows\System32\bcrypt.dll
0x00007ffe7da30000 - 0x00007ffe7daac000 	C:\Windows\system32\ftsti.dll
0x00007ffe86500000 - 0x00007ffe86555000 	C:\Windows\System32\SHLWAPI.dll
0x00007ffe49400000 - 0x00007ffe4949d000 	C:\android-studio-2021.2.1.15-windows\android-studio\jre\bin\msvcp140.dll
0x00007ffe51190000 - 0x00007ffe51c75000 	C:\android-studio-2021.2.1.15-windows\android-studio\jre\bin\server\jvm.dll
0x00007ffe71ca0000 - 0x00007ffe71ca9000 	C:\Windows\SYSTEM32\WSOCK32.dll
0x00007ffe86720000 - 0x00007ffe8678b000 	C:\Windows\System32\WS2_32.dll
0x00007ffe75bb0000 - 0x00007ffe75bd7000 	C:\Windows\SYSTEM32\WINMM.dll
0x00007ffe82be0000 - 0x00007ffe82bea000 	C:\Windows\SYSTEM32\VERSION.dll
0x00007ffe82ba0000 - 0x00007ffe82bb2000 	C:\Windows\SYSTEM32\kernel.appcore.dll
0x00007ffe7b400000 - 0x00007ffe7b411000 	C:\android-studio-2021.2.1.15-windows\android-studio\jre\bin\verify.dll
0x00007ffe81fe0000 - 0x00007ffe821c4000 	C:\Windows\SYSTEM32\DBGHELP.DLL
0x00007ffe754e0000 - 0x00007ffe7550c000 	C:\Windows\SYSTEM32\dbgcore.DLL
0x00007ffe842c0000 - 0x00007ffe84342000 	C:\Windows\System32\bcryptPrimitives.dll
0x00007ffe7a5d0000 - 0x00007ffe7a5f9000 	C:\android-studio-2021.2.1.15-windows\android-studio\jre\bin\java.dll
0x00007ffe7e970000 - 0x00007ffe7e97b000 	C:\android-studio-2021.2.1.15-windows\android-studio\jre\bin\jimage.dll
0x00007ffe7b3e0000 - 0x00007ffe7b3f8000 	C:\android-studio-2021.2.1.15-windows\android-studio\jre\bin\zip.dll
0x00007ffe85b20000 - 0x00007ffe86264000 	C:\Windows\System32\SHELL32.dll
0x00007ffe81120000 - 0x00007ffe818b4000 	C:\Windows\SYSTEM32\windows.storage.dll
0x00007ffe83890000 - 0x00007ffe838bc000 	C:\Windows\SYSTEM32\Wldp.dll
0x00007ffe85570000 - 0x00007ffe8561d000 	C:\Windows\System32\SHCORE.dll
0x00007ffe83e20000 - 0x00007ffe83e3f000 	C:\Windows\SYSTEM32\profapi.dll
0x00007ffe79e30000 - 0x00007ffe79e4a000 	C:\android-studio-2021.2.1.15-windows\android-studio\jre\bin\net.dll
0x00007ffe82ef0000 - 0x00007ffe82ffa000 	C:\Windows\SYSTEM32\WINHTTP.dll
0x00007ffe835f0000 - 0x00007ffe8365a000 	C:\Windows\system32\mswsock.dll
0x00007ffe79c40000 - 0x00007ffe79c54000 	C:\android-studio-2021.2.1.15-windows\android-studio\jre\bin\nio.dll
0x00007ffe7c490000 - 0x00007ffe7c4b7000 	C:\Users\khushboo\.gradle\native\e1d6ef7f7dcc3fd88c89a11ec53ec762bb8ba0a96d01ffa2cd45eb1d1d8dd5c5\windows-amd64\native-platform.dll
0x00007ffe53620000 - 0x00007ffe53764000 	C:\Users\khushboo\.gradle\native\0d407fdbe67a94daf76414ababcb853783967236a71b16ec16e742cd7a986fd3\windows-amd64\native-platform-file-events.dll
0x00007ffe7e6d0000 - 0x00007ffe7e6da000 	C:\android-studio-2021.2.1.15-windows\android-studio\jre\bin\management.dll
0x00007ffe7e130000 - 0x00007ffe7e13d000 	C:\android-studio-2021.2.1.15-windows\android-studio\jre\bin\management_ext.dll
0x00007ffe837e0000 - 0x00007ffe837f8000 	C:\Windows\SYSTEM32\CRYPTSP.dll
0x00007ffe82e60000 - 0x00007ffe82e94000 	C:\Windows\system32\rsaenh.dll
0x00007ffe83de0000 - 0x00007ffe83e0e000 	C:\Windows\SYSTEM32\USERENV.dll
0x00007ffe83800000 - 0x00007ffe8380c000 	C:\Windows\SYSTEM32\CRYPTBASE.dll
0x00007ffe832e0000 - 0x00007ffe8331b000 	C:\Windows\SYSTEM32\IPHLPAPI.DLL
0x00007ffe85020000 - 0x00007ffe85028000 	C:\Windows\System32\NSI.dll
0x00007ffe7d570000 - 0x00007ffe7d587000 	C:\Windows\SYSTEM32\dhcpcsvc6.DLL
0x00007ffe7d550000 - 0x00007ffe7d56d000 	C:\Windows\SYSTEM32\dhcpcsvc.DLL
0x00007ffe83330000 - 0x00007ffe833fb000 	C:\Windows\SYSTEM32\DNSAPI.dll

dbghelp: loaded successfully - version: 4.0.5 - missing functions: none
symbol engine: initialized successfully - sym options: 0x614 - pdb path: .;C:\android-studio-2021.2.1.15-windows\android-studio\jre\bin;C:\Windows\SYSTEM32;C:\Windows\WinSxS\amd64_microsoft.windows.common-controls_6595b64144ccf1df_6.0.19041.1110_none_60b5254171f9507e;C:\android-studio-2021.2.1.15-windows\android-studio\jre\bin\server;C:\Users\khushboo\.gradle\native\e1d6ef7f7dcc3fd88c89a11ec53ec762bb8ba0a96d01ffa2cd45eb1d1d8dd5c5\windows-amd64;C:\Users\khushboo\.gradle\native\0d407fdbe67a94daf76414ababcb853783967236a71b16ec16e742cd7a986fd3\windows-amd64

VM Arguments:
jvm_args: --add-opens=java.base/java.util=ALL-UNNAMED --add-opens=java.base/java.lang=ALL-UNNAMED --add-opens=java.base/java.lang.invoke=ALL-UNNAMED --add-opens=java.base/java.util=ALL-UNNAMED --add-opens=java.prefs/java.util.prefs=ALL-UNNAMED --add-opens=java.prefs/java.util.prefs=ALL-UNNAMED --add-opens=java.base/java.nio.charset=ALL-UNNAMED --add-opens=java.base/java.net=ALL-UNNAMED --add-opens=java.base/java.util.concurrent.atomic=ALL-UNNAMED -Xmx1536M -Dfile.encoding=windows-1252 -Duser.country=IN -Duser.language=en -Duser.variant 
java_command: org.gradle.launcher.daemon.bootstrap.GradleDaemon 7.4
java_class_path (initial): C:\Users\khushboo\.gradle\wrapper\dists\gradle-7.4-all\aadb4xli5jkdsnukm30eibyiu\gradle-7.4\lib\gradle-launcher-7.4.jar
Launcher Type: SUN_STANDARD

[Global flags]
     intx CICompilerCount                          = 3                                         {product} {ergonomic}
     uint ConcGCThreads                            = 1                                         {product} {ergonomic}
     uint G1ConcRefinementThreads                  = 4                                         {product} {ergonomic}
   size_t G1HeapRegionSize                         = 1048576                                   {product} {ergonomic}
    uintx GCDrainStackTargetSize                   = 64                                        {product} {ergonomic}
   size_t InitialHeapSize                          = 268435456                                 {product} {ergonomic}
   size_t MarkStackSize                            = 4194304                                   {product} {ergonomic}
   size_t MaxHeapSize                              = 1610612736                                {product} {command line}
   size_t MaxNewSize                               = 965738496                                 {product} {ergonomic}
   size_t MinHeapDeltaBytes                        = 1048576                                   {product} {ergonomic}
    uintx NonNMethodCodeHeapSize                   = 5830732                                {pd product} {ergonomic}
    uintx NonProfiledCodeHeapSize                  = 122913754                              {pd product} {ergonomic}
    uintx ProfiledCodeHeapSize                     = 122913754                              {pd product} {ergonomic}
    uintx ReservedCodeCacheSize                    = 251658240                              {pd product} {ergonomic}
     bool SegmentedCodeCache                       = true                                      {product} {ergonomic}
     bool UseCompressedClassPointers               = true                                 {lp64_product} {ergonomic}
     bool UseCompressedOops                        = true                                 {lp64_product} {ergonomic}
     bool UseG1GC                                  = true                                      {product} {ergonomic}
     bool UseLargePagesIndividualAllocation        = false                                  {pd product} {ergonomic}

Logging:
Log output configuration:
 #0: stdout all=warning uptime,level,tags
 #1: stderr all=off uptime,level,tags

Environment Variables:
JAVA_HOME=C:\android-studio-2021.2.1.15-windows\android-studio\jre
CLASSPATH=C:\Users\khushboo\Desktop\Flutter Training\Git\ghmcofficerslogin\android\\gradle\wrapper\gradle-wrapper.jar
PATH=C:\Program Files (x86)\Common Files\Oracle\Java\javapath;C:\Windows\system32;C:\Windows;C:\Windows\System32\Wbem;C:\Windows\System32\WindowsPowerShell\v1.0\;C:\Windows\System32\OpenSSH\;C:\Program Files\Git\cmd;C:\Program Files\nodejs\;C:\Users\khushboo\AppData\Local\Microsoft\WindowsApps;C:\Users\khushboo\AppData\Local\Programs\Git\cmd;C:\Users\khushboo\AppData\Local\Programs\Microsoft VS Code\bin;C:\Users\khushboo\AppData\Local\GitHubDesktop\bin;C:\src\flutter\bin;C:\Users\khushboo\AppData\Roaming\npm;C:\src\flutter\bin\mingit\cmd
USERNAME=khushboo
LANG=en_IN.UTF-8
OS=Windows_NT
PROCESSOR_IDENTIFIER=Intel64 Family 6 Model 85 Stepping 7, GenuineIntel



---------------  S Y S T E M  ---------------

OS: Windows 10 , 64 bit Build 19041 (10.0.19041.1706)
OS uptime: 53 days 14:06 hours
VMWare virtualization detected

CPU:total 4 (initial active 4) (2 cores per cpu, 1 threads per core) family 6 model 85 stepping 7 microcode 0x5003102, cmov, cx8, fxsr, mmx, sse, sse2, sse3, ssse3, sse4.1, sse4.2, popcnt, avx, avx2, aes, clmul, erms, 3dnowpref, lzcnt, tsc, tscinvbit, bmi1, bmi2, adx, evex, fma

Memory: 4k page, system-wide physical 16383M (1295M free)
TotalPageFile size 29104M (AvailPageFile size 368M)
current process WorkingSet (physical memory assigned to process): 437M, peak: 468M
current process commit charge ("private bytes"): 508M, peak: 542M

vm_info: OpenJDK 64-Bit Server VM (11.0.12+7-b1504.28-7817840) for windows-amd64 JRE (11.0.12+7-b1504.28-7817840), built on Oct 13 2021 22:12:33 by "builder" with MS VC++ 14.0 (VS2015)

END.
